2020-08-30 12:58:47.925  INFO 12224 --- [restartedMain] com.wx.xybb.CompanyFrameApplication      : Starting CompanyFrameApplication on small-kai with PID 12224 (started by 灏 in D:\浠跺す\xybb\xybb)
2020-08-30 12:58:47.945  INFO 12224 --- [restartedMain] com.wx.xybb.CompanyFrameApplication      : No active profile set, falling back to default profiles: default
2020-08-30 12:58:48.065  INFO 12224 --- [restartedMain] .e.DevToolsPropertyDefaultsPostProcessor : Devtools property defaults active! Set 'spring.devtools.add-properties' to 'false' to disable
2020-08-30 12:58:48.065  INFO 12224 --- [restartedMain] .e.DevToolsPropertyDefaultsPostProcessor : For additional web related logging consider setting the 'logging.level.web' property to 'DEBUG'
2020-08-30 12:58:50.454  INFO 12224 --- [restartedMain] .s.d.r.c.RepositoryConfigurationDelegate : Multiple Spring Data modules found, entering strict repository configuration mode!
2020-08-30 12:58:50.454  INFO 12224 --- [restartedMain] .s.d.r.c.RepositoryConfigurationDelegate : Bootstrapping Spring Data repositories in DEFAULT mode.
2020-08-30 12:58:50.524  INFO 12224 --- [restartedMain] .s.d.r.c.RepositoryConfigurationDelegate : Finished Spring Data repository scanning in 50ms. Found 0 repository interfaces.
2020-08-30 12:58:50.914  INFO 12224 --- [restartedMain] trationDelegate$BeanPostProcessorChecker : Bean 'shiroConfig' of type [com.wx.xybb.config.ShiroConfig$$EnhancerBySpringCGLIB$$2976f281] is not eligible for getting processed by all BeanPostProcessors (for example: not eligible for auto-proxying)
2020-08-30 12:58:51.673  INFO 12224 --- [restartedMain] trationDelegate$BeanPostProcessorChecker : Bean 'redisConfig' of type [com.wx.xybb.config.RedisConfig$$EnhancerBySpringCGLIB$$744579cb] is not eligible for getting processed by all BeanPostProcessors (for example: not eligible for auto-proxying)
2020-08-30 12:58:51.703  INFO 12224 --- [restartedMain] trationDelegate$BeanPostProcessorChecker : Bean 'spring.redis-org.springframework.boot.autoconfigure.data.redis.RedisProperties' of type [org.springframework.boot.autoconfigure.data.redis.RedisProperties] is not eligible for getting processed by all BeanPostProcessors (for example: not eligible for auto-proxying)
2020-08-30 12:58:51.703  INFO 12224 --- [restartedMain] trationDelegate$BeanPostProcessorChecker : Bean 'org.springframework.boot.autoconfigure.data.redis.LettuceConnectionConfiguration' of type [org.springframework.boot.autoconfigure.data.redis.LettuceConnectionConfiguration$$EnhancerBySpringCGLIB$$76d1fe92] is not eligible for getting processed by all BeanPostProcessors (for example: not eligible for auto-proxying)
2020-08-30 12:58:51.814  INFO 12224 --- [restartedMain] trationDelegate$BeanPostProcessorChecker : Bean 'lettuceClientResources' of type [io.lettuce.core.resource.DefaultClientResources] is not eligible for getting processed by all BeanPostProcessors (for example: not eligible for auto-proxying)
2020-08-30 12:58:51.913  INFO 12224 --- [restartedMain] trationDelegate$BeanPostProcessorChecker : Bean 'redisConnectionFactory' of type [org.springframework.data.redis.connection.lettuce.LettuceConnectionFactory] is not eligible for getting processed by all BeanPostProcessors (for example: not eligible for auto-proxying)
2020-08-30 12:58:51.933  INFO 12224 --- [restartedMain] trationDelegate$BeanPostProcessorChecker : Bean 'redisTemplate' of type [org.springframework.data.redis.core.RedisTemplate] is not eligible for getting processed by all BeanPostProcessors (for example: not eligible for auto-proxying)
2020-08-30 12:58:51.933  INFO 12224 --- [restartedMain] trationDelegate$BeanPostProcessorChecker : Bean 'redisService' of type [com.wx.xybb.service.RedisService] is not eligible for getting processed by all BeanPostProcessors (for example: not eligible for auto-proxying)
2020-08-30 12:58:51.943  INFO 12224 --- [restartedMain] trationDelegate$BeanPostProcessorChecker : Bean 'customHashedCredentialsMatcher' of type [com.wx.xybb.shiro.CustomHashedCredentialsMatcher] is not eligible for getting processed by all BeanPostProcessors (for example: not eligible for auto-proxying)
2020-08-30 12:58:51.943  INFO 12224 --- [restartedMain] trationDelegate$BeanPostProcessorChecker : Bean 'redisCacheManager' of type [com.wx.xybb.shiro.RedisCacheManager] is not eligible for getting processed by all BeanPostProcessors (for example: not eligible for auto-proxying)
2020-08-30 12:58:51.983  INFO 12224 --- [restartedMain] trationDelegate$BeanPostProcessorChecker : Bean 'mybatis-org.mybatis.spring.boot.autoconfigure.MybatisProperties' of type [org.mybatis.spring.boot.autoconfigure.MybatisProperties] is not eligible for getting processed by all BeanPostProcessors (for example: not eligible for auto-proxying)
2020-08-30 12:58:51.993  INFO 12224 --- [restartedMain] trationDelegate$BeanPostProcessorChecker : Bean 'org.mybatis.spring.boot.autoconfigure.MybatisAutoConfiguration' of type [org.mybatis.spring.boot.autoconfigure.MybatisAutoConfiguration$$EnhancerBySpringCGLIB$$948c9178] is not eligible for getting processed by all BeanPostProcessors (for example: not eligible for auto-proxying)
2020-08-30 12:58:51.993  INFO 12224 --- [restartedMain] trationDelegate$BeanPostProcessorChecker : Bean 'com.alibaba.druid.spring.boot.autoconfigure.DruidDataSourceAutoConfigure' of type [com.alibaba.druid.spring.boot.autoconfigure.DruidDataSourceAutoConfigure$$EnhancerBySpringCGLIB$$7b6435ba] is not eligible for getting processed by all BeanPostProcessors (for example: not eligible for auto-proxying)
2020-08-30 12:58:52.003  INFO 12224 --- [restartedMain] c.a.d.s.b.a.DruidDataSourceAutoConfigure : Init DruidDataSource
2020-08-30 12:58:52.063  INFO 12224 --- [restartedMain] trationDelegate$BeanPostProcessorChecker : Bean 'spring.datasource-org.springframework.boot.autoconfigure.jdbc.DataSourceProperties' of type [org.springframework.boot.autoconfigure.jdbc.DataSourceProperties] is not eligible for getting processed by all BeanPostProcessors (for example: not eligible for auto-proxying)
2020-08-30 12:58:52.073  INFO 12224 --- [restartedMain] trationDelegate$BeanPostProcessorChecker : Bean 'com.alibaba.druid.spring.boot.autoconfigure.stat.DruidFilterConfiguration' of type [com.alibaba.druid.spring.boot.autoconfigure.stat.DruidFilterConfiguration] is not eligible for getting processed by all BeanPostProcessors (for example: not eligible for auto-proxying)
2020-08-30 12:58:52.271  INFO 12224 --- [restartedMain] trationDelegate$BeanPostProcessorChecker : Bean 'statFilter' of type [com.alibaba.druid.filter.stat.StatFilter] is not eligible for getting processed by all BeanPostProcessors (for example: not eligible for auto-proxying)
2020-08-30 12:58:52.961  INFO 12224 --- [restartedMain] com.alibaba.druid.pool.DruidDataSource   : {dataSource-1} inited
2020-08-30 12:58:52.961  INFO 12224 --- [restartedMain] trationDelegate$BeanPostProcessorChecker : Bean 'dataSource' of type [com.alibaba.druid.spring.boot.autoconfigure.DruidDataSourceWrapper] is not eligible for getting processed by all BeanPostProcessors (for example: not eligible for auto-proxying)
2020-08-30 12:58:53.538  INFO 12224 --- [restartedMain] trationDelegate$BeanPostProcessorChecker : Bean 'sqlSessionFactory' of type [org.apache.ibatis.session.defaults.DefaultSqlSessionFactory] is not eligible for getting processed by all BeanPostProcessors (for example: not eligible for auto-proxying)
2020-08-30 12:58:53.538  INFO 12224 --- [restartedMain] trationDelegate$BeanPostProcessorChecker : Bean 'sqlSessionTemplate' of type [org.mybatis.spring.SqlSessionTemplate] is not eligible for getting processed by all BeanPostProcessors (for example: not eligible for auto-proxying)
2020-08-30 12:58:53.548  INFO 12224 --- [restartedMain] trationDelegate$BeanPostProcessorChecker : Bean 'sysRoleMapper' of type [org.mybatis.spring.mapper.MapperFactoryBean] is not eligible for getting processed by all BeanPostProcessors (for example: not eligible for auto-proxying)
2020-08-30 12:58:53.548  INFO 12224 --- [restartedMain] trationDelegate$BeanPostProcessorChecker : Bean 'sysRoleMapper' of type [com.sun.proxy.$Proxy70] is not eligible for getting processed by all BeanPostProcessors (for example: not eligible for auto-proxying)
2020-08-30 12:58:53.548  INFO 12224 --- [restartedMain] trationDelegate$BeanPostProcessorChecker : Bean 'sysRolePermissionMapper' of type [org.mybatis.spring.mapper.MapperFactoryBean] is not eligible for getting processed by all BeanPostProcessors (for example: not eligible for auto-proxying)
2020-08-30 12:58:53.548  INFO 12224 --- [restartedMain] trationDelegate$BeanPostProcessorChecker : Bean 'sysRolePermissionMapper' of type [com.sun.proxy.$Proxy71] is not eligible for getting processed by all BeanPostProcessors (for example: not eligible for auto-proxying)
2020-08-30 12:58:53.558  INFO 12224 --- [restartedMain] trationDelegate$BeanPostProcessorChecker : Bean 'rolePermissionServiceImpl' of type [com.wx.xybb.service.impl.RolePermissionServiceImpl] is not eligible for getting processed by all BeanPostProcessors (for example: not eligible for auto-proxying)
2020-08-30 12:58:53.558  INFO 12224 --- [restartedMain] trationDelegate$BeanPostProcessorChecker : Bean 'sysPermissionMapper' of type [org.mybatis.spring.mapper.MapperFactoryBean] is not eligible for getting processed by all BeanPostProcessors (for example: not eligible for auto-proxying)
2020-08-30 12:58:53.558  INFO 12224 --- [restartedMain] trationDelegate$BeanPostProcessorChecker : Bean 'sysPermissionMapper' of type [com.sun.proxy.$Proxy72] is not eligible for getting processed by all BeanPostProcessors (for example: not eligible for auto-proxying)
2020-08-30 12:58:53.568  INFO 12224 --- [restartedMain] trationDelegate$BeanPostProcessorChecker : Bean 'sysUserRoleMapper' of type [org.mybatis.spring.mapper.MapperFactoryBean] is not eligible for getting processed by all BeanPostProcessors (for example: not eligible for auto-proxying)
2020-08-30 12:58:53.578  INFO 12224 --- [restartedMain] trationDelegate$BeanPostProcessorChecker : Bean 'sysUserRoleMapper' of type [com.sun.proxy.$Proxy73] is not eligible for getting processed by all BeanPostProcessors (for example: not eligible for auto-proxying)
2020-08-30 12:58:53.578  INFO 12224 --- [restartedMain] trationDelegate$BeanPostProcessorChecker : Bean 'userRoleServiceImpl' of type [com.wx.xybb.service.impl.UserRoleServiceImpl] is not eligible for getting processed by all BeanPostProcessors (for example: not eligible for auto-proxying)
2020-08-30 12:58:53.588  INFO 12224 --- [restartedMain] trationDelegate$BeanPostProcessorChecker : Bean 'tokenSettings' of type [com.wx.xybb.utils.TokenSettings] is not eligible for getting processed by all BeanPostProcessors (for example: not eligible for auto-proxying)
2020-08-30 12:58:53.588  INFO 12224 --- [restartedMain] trationDelegate$BeanPostProcessorChecker : Bean 'permissionServiceImpl' of type [com.wx.xybb.service.impl.PermissionServiceImpl] is not eligible for getting processed by all BeanPostProcessors (for example: not eligible for auto-proxying)
2020-08-30 12:58:53.588  INFO 12224 --- [restartedMain] trationDelegate$BeanPostProcessorChecker : Bean 'roleServiceImpl' of type [com.wx.xybb.service.impl.RoleServiceImpl] is not eligible for getting processed by all BeanPostProcessors (for example: not eligible for auto-proxying)
2020-08-30 12:58:53.588  INFO 12224 --- [restartedMain] trationDelegate$BeanPostProcessorChecker : Bean 'customRealm' of type [com.wx.xybb.shiro.CustomRealm] is not eligible for getting processed by all BeanPostProcessors (for example: not eligible for auto-proxying)
2020-08-30 12:58:53.598  INFO 12224 --- [restartedMain] trationDelegate$BeanPostProcessorChecker : Bean 'securityManager' of type [org.apache.shiro.web.mgt.DefaultWebSecurityManager] is not eligible for getting processed by all BeanPostProcessors (for example: not eligible for auto-proxying)
2020-08-30 12:58:53.648  INFO 12224 --- [restartedMain] trationDelegate$BeanPostProcessorChecker : Bean 'authorizationAttributeSourceAdvisor' of type [org.apache.shiro.spring.security.interceptor.AuthorizationAttributeSourceAdvisor] is not eligible for getting processed by all BeanPostProcessors (for example: not eligible for auto-proxying)
2020-08-30 12:58:53.718  INFO 12224 --- [restartedMain] trationDelegate$BeanPostProcessorChecker : Bean 'org.springframework.transaction.annotation.ProxyTransactionManagementConfiguration' of type [org.springframework.transaction.annotation.ProxyTransactionManagementConfiguration$$EnhancerBySpringCGLIB$$61b84048] is not eligible for getting processed by all BeanPostProcessors (for example: not eligible for auto-proxying)
2020-08-30 12:58:54.548  INFO 12224 --- [restartedMain] o.s.b.w.embedded.tomcat.TomcatWebServer  : Tomcat initialized with port(s): 8080 (http)
2020-08-30 12:58:54.578  INFO 12224 --- [restartedMain] o.apache.catalina.core.StandardService   : Starting service [Tomcat]
2020-08-30 12:58:54.578  INFO 12224 --- [restartedMain] org.apache.catalina.core.StandardEngine  : Starting Servlet engine: [Apache Tomcat/9.0.21]
2020-08-30 12:58:54.758  INFO 12224 --- [restartedMain] o.a.c.c.C.[Tomcat].[localhost].[/]       : Initializing Spring embedded WebApplicationContext
2020-08-30 12:58:54.768  INFO 12224 --- [restartedMain] o.s.web.context.ContextLoader            : Root WebApplicationContext: initialization completed in 6703 ms
2020-08-30 12:58:57.498  INFO 12224 --- [restartedMain] pertySourcedRequestMappingHandlerMapping : Mapped URL path [/v2/api-docs] onto method [public org.springframework.http.ResponseEntity<springfox.documentation.spring.web.json.Json> springfox.documentation.swagger2.web.Swagger2Controller.getDocumentation(java.lang.String,javax.servlet.http.HttpServletRequest)]
2020-08-30 12:58:57.828  INFO 12224 --- [restartedMain] o.s.s.concurrent.ThreadPoolTaskExecutor  : Initializing ExecutorService 'applicationTaskExecutor'
2020-08-30 12:58:57.928  INFO 12224 --- [restartedMain] o.s.b.d.a.OptionalLiveReloadServer       : LiveReload server is running on port 35729
2020-08-30 12:58:58.528  INFO 12224 --- [restartedMain] o.s.s.c.ThreadPoolTaskScheduler          : Initializing ExecutorService 'taskScheduler'
2020-08-30 12:58:58.741  INFO 12224 --- [restartedMain] d.s.w.p.DocumentationPluginsBootstrapper : Context refreshed
2020-08-30 12:58:58.783  INFO 12224 --- [restartedMain] d.s.w.p.DocumentationPluginsBootstrapper : Found 1 custom documentation plugin(s)
2020-08-30 12:58:58.873  INFO 12224 --- [restartedMain] s.d.s.w.s.ApiListingReferenceScanner     : Scanning for api listing references
2020-08-30 12:58:59.247  INFO 12224 --- [restartedMain] .d.s.w.r.o.CachingOperationNameGenerator : Generating unique operation named: pageInfoUsingPOST_1
2020-08-30 12:58:59.316  INFO 12224 --- [restartedMain] .d.s.w.r.o.CachingOperationNameGenerator : Generating unique operation named: pageInfoUsingPOST_2
2020-08-30 12:58:59.347  INFO 12224 --- [restartedMain] .d.s.w.r.o.CachingOperationNameGenerator : Generating unique operation named: pageInfoUsingPOST_3
2020-08-30 12:58:59.362  INFO 12224 --- [restartedMain] .d.s.w.r.o.CachingOperationNameGenerator : Generating unique operation named: getHomeUsingGET_1
2020-08-30 12:58:59.390  INFO 12224 --- [restartedMain] .d.s.w.r.o.CachingOperationNameGenerator : Generating unique operation named: detailInfoUsingGET_1
2020-08-30 12:58:59.416  INFO 12224 --- [restartedMain] .d.s.w.r.o.CachingOperationNameGenerator : Generating unique operation named: pageInfoUsingPOST_4
2020-08-30 12:58:59.514  INFO 12224 --- [restartedMain] .d.s.w.r.o.CachingOperationNameGenerator : Generating unique operation named: loginUsingPOST_1
2020-08-30 12:58:59.525  INFO 12224 --- [restartedMain] .d.s.w.r.o.CachingOperationNameGenerator : Generating unique operation named: loginUsingPOST_2
2020-08-30 12:58:59.661  INFO 12224 --- [restartedMain] o.s.b.w.embedded.tomcat.TomcatWebServer  : Tomcat started on port(s): 8080 (http) with context path ''
2020-08-30 12:58:59.665  INFO 12224 --- [restartedMain] com.wx.xybb.CompanyFrameApplication      : Started CompanyFrameApplication in 12.601 seconds (JVM running for 15.529)
2020-08-30 13:08:06.295  INFO 3788 --- [main] c.wx.xybb.CompanyFrameApplicationTests   : Starting CompanyFrameApplicationTests on small-kai with PID 3788 (started by 小凯 in D:\文件夹\xybb\xybb)
2020-08-30 13:08:06.298  INFO 3788 --- [main] c.wx.xybb.CompanyFrameApplicationTests   : No active profile set, falling back to default profiles: default
2020-08-30 13:08:09.833  INFO 3788 --- [main] .s.d.r.c.RepositoryConfigurationDelegate : Multiple Spring Data modules found, entering strict repository configuration mode!
2020-08-30 13:08:09.842  INFO 3788 --- [main] .s.d.r.c.RepositoryConfigurationDelegate : Bootstrapping Spring Data repositories in DEFAULT mode.
2020-08-30 13:08:10.003  INFO 3788 --- [main] .s.d.r.c.RepositoryConfigurationDelegate : Finished Spring Data repository scanning in 106ms. Found 0 repository interfaces.
2020-08-30 13:08:11.484  INFO 3788 --- [main] trationDelegate$BeanPostProcessorChecker : Bean 'shiroConfig' of type [com.wx.xybb.config.ShiroConfig$$EnhancerBySpringCGLIB$$710307f2] is not eligible for getting processed by all BeanPostProcessors (for example: not eligible for auto-proxying)
2020-08-30 13:08:12.743  INFO 3788 --- [main] trationDelegate$BeanPostProcessorChecker : Bean 'redisConfig' of type [com.wx.xybb.config.RedisConfig$$EnhancerBySpringCGLIB$$bbd18f3c] is not eligible for getting processed by all BeanPostProcessors (for example: not eligible for auto-proxying)
2020-08-30 13:08:12.798  INFO 3788 --- [main] trationDelegate$BeanPostProcessorChecker : Bean 'spring.redis-org.springframework.boot.autoconfigure.data.redis.RedisProperties' of type [org.springframework.boot.autoconfigure.data.redis.RedisProperties] is not eligible for getting processed by all BeanPostProcessors (for example: not eligible for auto-proxying)
2020-08-30 13:08:12.814  INFO 3788 --- [main] trationDelegate$BeanPostProcessorChecker : Bean 'org.springframework.boot.autoconfigure.data.redis.LettuceConnectionConfiguration' of type [org.springframework.boot.autoconfigure.data.redis.LettuceConnectionConfiguration$$EnhancerBySpringCGLIB$$be5e1403] is not eligible for getting processed by all BeanPostProcessors (for example: not eligible for auto-proxying)
2020-08-30 13:08:13.145  INFO 3788 --- [main] trationDelegate$BeanPostProcessorChecker : Bean 'lettuceClientResources' of type [io.lettuce.core.resource.DefaultClientResources] is not eligible for getting processed by all BeanPostProcessors (for example: not eligible for auto-proxying)
2020-08-30 13:08:13.339  INFO 3788 --- [main] trationDelegate$BeanPostProcessorChecker : Bean 'redisConnectionFactory' of type [org.springframework.data.redis.connection.lettuce.LettuceConnectionFactory] is not eligible for getting processed by all BeanPostProcessors (for example: not eligible for auto-proxying)
2020-08-30 13:08:13.390  INFO 3788 --- [main] trationDelegate$BeanPostProcessorChecker : Bean 'redisTemplate' of type [org.springframework.data.redis.core.RedisTemplate] is not eligible for getting processed by all BeanPostProcessors (for example: not eligible for auto-proxying)
2020-08-30 13:08:13.391  INFO 3788 --- [main] trationDelegate$BeanPostProcessorChecker : Bean 'redisService' of type [com.wx.xybb.service.RedisService] is not eligible for getting processed by all BeanPostProcessors (for example: not eligible for auto-proxying)
2020-08-30 13:08:13.394  INFO 3788 --- [main] trationDelegate$BeanPostProcessorChecker : Bean 'customHashedCredentialsMatcher' of type [com.wx.xybb.shiro.CustomHashedCredentialsMatcher] is not eligible for getting processed by all BeanPostProcessors (for example: not eligible for auto-proxying)
2020-08-30 13:08:13.402  INFO 3788 --- [main] trationDelegate$BeanPostProcessorChecker : Bean 'redisCacheManager' of type [com.wx.xybb.shiro.RedisCacheManager] is not eligible for getting processed by all BeanPostProcessors (for example: not eligible for auto-proxying)
2020-08-30 13:08:13.463  INFO 3788 --- [main] trationDelegate$BeanPostProcessorChecker : Bean 'mybatis-org.mybatis.spring.boot.autoconfigure.MybatisProperties' of type [org.mybatis.spring.boot.autoconfigure.MybatisProperties] is not eligible for getting processed by all BeanPostProcessors (for example: not eligible for auto-proxying)
2020-08-30 13:08:13.479  INFO 3788 --- [main] trationDelegate$BeanPostProcessorChecker : Bean 'org.mybatis.spring.boot.autoconfigure.MybatisAutoConfiguration' of type [org.mybatis.spring.boot.autoconfigure.MybatisAutoConfiguration$$EnhancerBySpringCGLIB$$dc18a6e9] is not eligible for getting processed by all BeanPostProcessors (for example: not eligible for auto-proxying)
2020-08-30 13:08:13.506  INFO 3788 --- [main] trationDelegate$BeanPostProcessorChecker : Bean 'com.alibaba.druid.spring.boot.autoconfigure.DruidDataSourceAutoConfigure' of type [com.alibaba.druid.spring.boot.autoconfigure.DruidDataSourceAutoConfigure$$EnhancerBySpringCGLIB$$c2f04b2b] is not eligible for getting processed by all BeanPostProcessors (for example: not eligible for auto-proxying)
2020-08-30 13:08:13.517  INFO 3788 --- [main] c.a.d.s.b.a.DruidDataSourceAutoConfigure : Init DruidDataSource
2020-08-30 13:08:13.677  INFO 3788 --- [main] trationDelegate$BeanPostProcessorChecker : Bean 'spring.datasource-org.springframework.boot.autoconfigure.jdbc.DataSourceProperties' of type [org.springframework.boot.autoconfigure.jdbc.DataSourceProperties] is not eligible for getting processed by all BeanPostProcessors (for example: not eligible for auto-proxying)
2020-08-30 13:08:13.692  INFO 3788 --- [main] trationDelegate$BeanPostProcessorChecker : Bean 'com.alibaba.druid.spring.boot.autoconfigure.stat.DruidFilterConfiguration' of type [com.alibaba.druid.spring.boot.autoconfigure.stat.DruidFilterConfiguration] is not eligible for getting processed by all BeanPostProcessors (for example: not eligible for auto-proxying)
2020-08-30 13:08:13.770  INFO 3788 --- [main] trationDelegate$BeanPostProcessorChecker : Bean 'statFilter' of type [com.alibaba.druid.filter.stat.StatFilter] is not eligible for getting processed by all BeanPostProcessors (for example: not eligible for auto-proxying)
2020-08-30 13:08:14.565  INFO 3788 --- [main] com.alibaba.druid.pool.DruidDataSource   : {dataSource-1} inited
2020-08-30 13:08:14.566  INFO 3788 --- [main] trationDelegate$BeanPostProcessorChecker : Bean 'dataSource' of type [com.alibaba.druid.spring.boot.autoconfigure.DruidDataSourceWrapper] is not eligible for getting processed by all BeanPostProcessors (for example: not eligible for auto-proxying)
2020-08-30 13:08:15.446  INFO 3788 --- [main] trationDelegate$BeanPostProcessorChecker : Bean 'sqlSessionFactory' of type [org.apache.ibatis.session.defaults.DefaultSqlSessionFactory] is not eligible for getting processed by all BeanPostProcessors (for example: not eligible for auto-proxying)
2020-08-30 13:08:15.469  INFO 3788 --- [main] trationDelegate$BeanPostProcessorChecker : Bean 'sqlSessionTemplate' of type [org.mybatis.spring.SqlSessionTemplate] is not eligible for getting processed by all BeanPostProcessors (for example: not eligible for auto-proxying)
2020-08-30 13:08:15.473  INFO 3788 --- [main] trationDelegate$BeanPostProcessorChecker : Bean 'sysRoleMapper' of type [org.mybatis.spring.mapper.MapperFactoryBean] is not eligible for getting processed by all BeanPostProcessors (for example: not eligible for auto-proxying)
2020-08-30 13:08:15.475  INFO 3788 --- [main] trationDelegate$BeanPostProcessorChecker : Bean 'sysRoleMapper' of type [com.sun.proxy.$Proxy89] is not eligible for getting processed by all BeanPostProcessors (for example: not eligible for auto-proxying)
2020-08-30 13:08:15.485  INFO 3788 --- [main] trationDelegate$BeanPostProcessorChecker : Bean 'sysRolePermissionMapper' of type [org.mybatis.spring.mapper.MapperFactoryBean] is not eligible for getting processed by all BeanPostProcessors (for example: not eligible for auto-proxying)
2020-08-30 13:08:15.489  INFO 3788 --- [main] trationDelegate$BeanPostProcessorChecker : Bean 'sysRolePermissionMapper' of type [com.sun.proxy.$Proxy90] is not eligible for getting processed by all BeanPostProcessors (for example: not eligible for auto-proxying)
2020-08-30 13:08:15.490  INFO 3788 --- [main] trationDelegate$BeanPostProcessorChecker : Bean 'rolePermissionServiceImpl' of type [com.wx.xybb.service.impl.RolePermissionServiceImpl] is not eligible for getting processed by all BeanPostProcessors (for example: not eligible for auto-proxying)
2020-08-30 13:08:15.502  INFO 3788 --- [main] trationDelegate$BeanPostProcessorChecker : Bean 'sysPermissionMapper' of type [org.mybatis.spring.mapper.MapperFactoryBean] is not eligible for getting processed by all BeanPostProcessors (for example: not eligible for auto-proxying)
2020-08-30 13:08:15.506  INFO 3788 --- [main] trationDelegate$BeanPostProcessorChecker : Bean 'sysPermissionMapper' of type [com.sun.proxy.$Proxy91] is not eligible for getting processed by all BeanPostProcessors (for example: not eligible for auto-proxying)
2020-08-30 13:08:15.523  INFO 3788 --- [main] trationDelegate$BeanPostProcessorChecker : Bean 'sysUserRoleMapper' of type [org.mybatis.spring.mapper.MapperFactoryBean] is not eligible for getting processed by all BeanPostProcessors (for example: not eligible for auto-proxying)
2020-08-30 13:08:15.528  INFO 3788 --- [main] trationDelegate$BeanPostProcessorChecker : Bean 'sysUserRoleMapper' of type [com.sun.proxy.$Proxy92] is not eligible for getting processed by all BeanPostProcessors (for example: not eligible for auto-proxying)
2020-08-30 13:08:15.530  INFO 3788 --- [main] trationDelegate$BeanPostProcessorChecker : Bean 'userRoleServiceImpl' of type [com.wx.xybb.service.impl.UserRoleServiceImpl] is not eligible for getting processed by all BeanPostProcessors (for example: not eligible for auto-proxying)
2020-08-30 13:08:15.544  INFO 3788 --- [main] trationDelegate$BeanPostProcessorChecker : Bean 'tokenSettings' of type [com.wx.xybb.utils.TokenSettings] is not eligible for getting processed by all BeanPostProcessors (for example: not eligible for auto-proxying)
2020-08-30 13:08:15.548  INFO 3788 --- [main] trationDelegate$BeanPostProcessorChecker : Bean 'permissionServiceImpl' of type [com.wx.xybb.service.impl.PermissionServiceImpl] is not eligible for getting processed by all BeanPostProcessors (for example: not eligible for auto-proxying)
2020-08-30 13:08:15.553  INFO 3788 --- [main] trationDelegate$BeanPostProcessorChecker : Bean 'roleServiceImpl' of type [com.wx.xybb.service.impl.RoleServiceImpl] is not eligible for getting processed by all BeanPostProcessors (for example: not eligible for auto-proxying)
2020-08-30 13:08:15.559  INFO 3788 --- [main] trationDelegate$BeanPostProcessorChecker : Bean 'customRealm' of type [com.wx.xybb.shiro.CustomRealm] is not eligible for getting processed by all BeanPostProcessors (for example: not eligible for auto-proxying)
2020-08-30 13:08:15.575  INFO 3788 --- [main] trationDelegate$BeanPostProcessorChecker : Bean 'securityManager' of type [org.apache.shiro.web.mgt.DefaultWebSecurityManager] is not eligible for getting processed by all BeanPostProcessors (for example: not eligible for auto-proxying)
2020-08-30 13:08:15.776  INFO 3788 --- [main] trationDelegate$BeanPostProcessorChecker : Bean 'authorizationAttributeSourceAdvisor' of type [org.apache.shiro.spring.security.interceptor.AuthorizationAttributeSourceAdvisor] is not eligible for getting processed by all BeanPostProcessors (for example: not eligible for auto-proxying)
2020-08-30 13:08:16.075  INFO 3788 --- [main] trationDelegate$BeanPostProcessorChecker : Bean 'org.springframework.transaction.annotation.ProxyTransactionManagementConfiguration' of type [org.springframework.transaction.annotation.ProxyTransactionManagementConfiguration$$EnhancerBySpringCGLIB$$a94455b9] is not eligible for getting processed by all BeanPostProcessors (for example: not eligible for auto-proxying)
2020-08-30 13:08:20.030  INFO 3788 --- [main] pertySourcedRequestMappingHandlerMapping : Mapped URL path [/v2/api-docs] onto method [public org.springframework.http.ResponseEntity<springfox.documentation.spring.web.json.Json> springfox.documentation.swagger2.web.Swagger2Controller.getDocumentation(java.lang.String,javax.servlet.http.HttpServletRequest)]
2020-08-30 13:08:22.964  INFO 3788 --- [main] o.s.s.concurrent.ThreadPoolTaskExecutor  : Initializing ExecutorService 'applicationTaskExecutor'
2020-08-30 13:08:29.156  INFO 3788 --- [main] o.s.s.c.ThreadPoolTaskScheduler          : Initializing ExecutorService 'taskScheduler'
2020-08-30 13:08:29.437  INFO 3788 --- [main] d.s.w.p.DocumentationPluginsBootstrapper : Context refreshed
2020-08-30 13:08:29.513  INFO 3788 --- [main] d.s.w.p.DocumentationPluginsBootstrapper : Found 1 custom documentation plugin(s)
2020-08-30 13:08:29.615  INFO 3788 --- [main] s.d.s.w.s.ApiListingReferenceScanner     : Scanning for api listing references
2020-08-30 13:08:31.006  INFO 3788 --- [main] .d.s.w.r.o.CachingOperationNameGenerator : Generating unique operation named: pageInfoUsingPOST_1
2020-08-30 13:08:31.151  INFO 3788 --- [main] .d.s.w.r.o.CachingOperationNameGenerator : Generating unique operation named: pageInfoUsingPOST_2
2020-08-30 13:08:31.197  INFO 3788 --- [main] .d.s.w.r.o.CachingOperationNameGenerator : Generating unique operation named: pageInfoUsingPOST_3
2020-08-30 13:08:31.216  INFO 3788 --- [main] .d.s.w.r.o.CachingOperationNameGenerator : Generating unique operation named: getHomeUsingGET_1
2020-08-30 13:08:31.291  INFO 3788 --- [main] .d.s.w.r.o.CachingOperationNameGenerator : Generating unique operation named: detailInfoUsingGET_1
2020-08-30 13:08:31.334  INFO 3788 --- [main] .d.s.w.r.o.CachingOperationNameGenerator : Generating unique operation named: pageInfoUsingPOST_4
2020-08-30 13:08:31.474  INFO 3788 --- [main] .d.s.w.r.o.CachingOperationNameGenerator : Generating unique operation named: loginUsingPOST_1
2020-08-30 13:08:31.488  INFO 3788 --- [main] .d.s.w.r.o.CachingOperationNameGenerator : Generating unique operation named: loginUsingPOST_2
2020-08-30 13:08:31.603  INFO 3788 --- [main] c.wx.xybb.CompanyFrameApplicationTests   : Started CompanyFrameApplicationTests in 26.086 seconds (JVM running for 27.836)
2020-08-30 13:08:31.736 ERROR 3788 --- [main] o.s.test.context.TestContextManager      : Caught exception while allowing TestExecutionListener [org.springframework.boot.test.autoconfigure.SpringBootDependencyInjectionTestExecutionListener@302552ec] to prepare test instance [com.wx.xybb.CompanyFrameApplicationTests@252d8df6]

org.springframework.beans.factory.UnsatisfiedDependencyException: Error creating bean with name 'com.wx.xybb.CompanyFrameApplicationTests': Unsatisfied dependency expressed through field 'wxUtils'; nested exception is org.springframework.beans.factory.NoSuchBeanDefinitionException: No qualifying bean of type 'com.wx.xybb.utils.WxUtils' available: expected at least 1 bean which qualifies as autowire candidate. Dependency annotations: {@org.springframework.beans.factory.annotation.Autowired(required=true)}
	at org.springframework.beans.factory.annotation.AutowiredAnnotationBeanPostProcessor$AutowiredFieldElement.inject(AutowiredAnnotationBeanPostProcessor.java:596) ~[spring-beans-5.1.8.RELEASE.jar:5.1.8.RELEASE]
	at org.springframework.beans.factory.annotation.InjectionMetadata.inject(InjectionMetadata.java:90) ~[spring-beans-5.1.8.RELEASE.jar:5.1.8.RELEASE]
	at org.springframework.beans.factory.annotation.AutowiredAnnotationBeanPostProcessor.postProcessProperties(AutowiredAnnotationBeanPostProcessor.java:374) ~[spring-beans-5.1.8.RELEASE.jar:5.1.8.RELEASE]
	at org.springframework.beans.factory.support.AbstractAutowireCapableBeanFactory.populateBean(AbstractAutowireCapableBeanFactory.java:1411) ~[spring-beans-5.1.8.RELEASE.jar:5.1.8.RELEASE]
	at org.springframework.beans.factory.support.AbstractAutowireCapableBeanFactory.autowireBeanProperties(AbstractAutowireCapableBeanFactory.java:391) ~[spring-beans-5.1.8.RELEASE.jar:5.1.8.RELEASE]
	at org.springframework.test.context.support.DependencyInjectionTestExecutionListener.injectDependencies(DependencyInjectionTestExecutionListener.java:119) ~[spring-test-5.1.8.RELEASE.jar:5.1.8.RELEASE]
	at org.springframework.test.context.support.DependencyInjectionTestExecutionListener.prepareTestInstance(DependencyInjectionTestExecutionListener.java:83) ~[spring-test-5.1.8.RELEASE.jar:5.1.8.RELEASE]
	at org.springframework.boot.test.autoconfigure.SpringBootDependencyInjectionTestExecutionListener.prepareTestInstance(SpringBootDependencyInjectionTestExecutionListener.java:43) ~[spring-boot-test-autoconfigure-2.1.6.RELEASE.jar:2.1.6.RELEASE]
	at org.springframework.test.context.TestContextManager.prepareTestInstance(TestContextManager.java:246) ~[spring-test-5.1.8.RELEASE.jar:5.1.8.RELEASE]
	at org.springframework.test.context.junit4.SpringJUnit4ClassRunner.createTest(SpringJUnit4ClassRunner.java:227) [spring-test-5.1.8.RELEASE.jar:5.1.8.RELEASE]
	at org.springframework.test.context.junit4.SpringJUnit4ClassRunner$1.runReflectiveCall(SpringJUnit4ClassRunner.java:289) [spring-test-5.1.8.RELEASE.jar:5.1.8.RELEASE]
	at org.junit.internal.runners.model.ReflectiveCallable.run(ReflectiveCallable.java:12) [junit-4.12.jar:4.12]
	at org.springframework.test.context.junit4.SpringJUnit4ClassRunner.methodBlock(SpringJUnit4ClassRunner.java:291) [spring-test-5.1.8.RELEASE.jar:5.1.8.RELEASE]
	at org.springframework.test.context.junit4.SpringJUnit4ClassRunner.runChild(SpringJUnit4ClassRunner.java:246) [spring-test-5.1.8.RELEASE.jar:5.1.8.RELEASE]
	at org.springframework.test.context.junit4.SpringJUnit4ClassRunner.runChild(SpringJUnit4ClassRunner.java:97) [spring-test-5.1.8.RELEASE.jar:5.1.8.RELEASE]
	at org.junit.runners.ParentRunner$3.run(ParentRunner.java:290) [junit-4.12.jar:4.12]
	at org.junit.runners.ParentRunner$1.schedule(ParentRunner.java:71) [junit-4.12.jar:4.12]
	at org.junit.runners.ParentRunner.runChildren(ParentRunner.java:288) [junit-4.12.jar:4.12]
	at org.junit.runners.ParentRunner.access$000(ParentRunner.java:58) [junit-4.12.jar:4.12]
	at org.junit.runners.ParentRunner$2.evaluate(ParentRunner.java:268) [junit-4.12.jar:4.12]
	at org.springframework.test.context.junit4.statements.RunBeforeTestClassCallbacks.evaluate(RunBeforeTestClassCallbacks.java:61) [spring-test-5.1.8.RELEASE.jar:5.1.8.RELEASE]
	at org.springframework.test.context.junit4.statements.RunAfterTestClassCallbacks.evaluate(RunAfterTestClassCallbacks.java:70) [spring-test-5.1.8.RELEASE.jar:5.1.8.RELEASE]
	at org.junit.runners.ParentRunner.run(ParentRunner.java:363) [junit-4.12.jar:4.12]
	at org.springframework.test.context.junit4.SpringJUnit4ClassRunner.run(SpringJUnit4ClassRunner.java:190) [spring-test-5.1.8.RELEASE.jar:5.1.8.RELEASE]
	at org.apache.maven.surefire.junit4.JUnit4Provider.execute(JUnit4Provider.java:365) [surefire-junit4-2.22.2.jar:2.22.2]
	at org.apache.maven.surefire.junit4.JUnit4Provider.executeWithRerun(JUnit4Provider.java:273) [surefire-junit4-2.22.2.jar:2.22.2]
	at org.apache.maven.surefire.junit4.JUnit4Provider.executeTestSet(JUnit4Provider.java:238) [surefire-junit4-2.22.2.jar:2.22.2]
	at org.apache.maven.surefire.junit4.JUnit4Provider.invoke(JUnit4Provider.java:159) [surefire-junit4-2.22.2.jar:2.22.2]
	at org.apache.maven.surefire.booter.ForkedBooter.invokeProviderInSameClassLoader(ForkedBooter.java:384) [surefire-booter-2.22.2.jar:2.22.2]
	at org.apache.maven.surefire.booter.ForkedBooter.runSuitesInProcess(ForkedBooter.java:345) [surefire-booter-2.22.2.jar:2.22.2]
	at org.apache.maven.surefire.booter.ForkedBooter.execute(ForkedBooter.java:126) [surefire-booter-2.22.2.jar:2.22.2]
	at org.apache.maven.surefire.booter.ForkedBooter.main(ForkedBooter.java:418) [surefire-booter-2.22.2.jar:2.22.2]
Caused by: org.springframework.beans.factory.NoSuchBeanDefinitionException: No qualifying bean of type 'com.wx.xybb.utils.WxUtils' available: expected at least 1 bean which qualifies as autowire candidate. Dependency annotations: {@org.springframework.beans.factory.annotation.Autowired(required=true)}
	at org.springframework.beans.factory.support.DefaultListableBeanFactory.raiseNoMatchingBeanFound(DefaultListableBeanFactory.java:1658) ~[spring-beans-5.1.8.RELEASE.jar:5.1.8.RELEASE]
	at org.springframework.beans.factory.support.DefaultListableBeanFactory.doResolveDependency(DefaultListableBeanFactory.java:1217) ~[spring-beans-5.1.8.RELEASE.jar:5.1.8.RELEASE]
	at org.springframework.beans.factory.support.DefaultListableBeanFactory.resolveDependency(DefaultListableBeanFactory.java:1171) ~[spring-beans-5.1.8.RELEASE.jar:5.1.8.RELEASE]
	at org.springframework.beans.factory.annotation.AutowiredAnnotationBeanPostProcessor$AutowiredFieldElement.inject(AutowiredAnnotationBeanPostProcessor.java:593) ~[spring-beans-5.1.8.RELEASE.jar:5.1.8.RELEASE]
	... 31 common frames omitted

2020-08-30 13:08:33.496  INFO 3788 --- [Thread-3] o.s.s.c.ThreadPoolTaskScheduler          : Shutting down ExecutorService 'taskScheduler'
2020-08-30 13:08:33.511  INFO 3788 --- [Thread-3] o.s.s.concurrent.ThreadPoolTaskExecutor  : Shutting down ExecutorService 'applicationTaskExecutor'
2020-08-30 13:08:33.546  INFO 3788 --- [Thread-3] com.alibaba.druid.pool.DruidDataSource   : {dataSource-1} closed
2020-08-30 13:11:07.941  INFO 13644 --- [main] c.wx.xybb.CompanyFrameApplicationTests   : Starting CompanyFrameApplicationTests on small-kai with PID 13644 (started by 小凯 in D:\文件夹\xybb\xybb)
2020-08-30 13:11:07.945  INFO 13644 --- [main] c.wx.xybb.CompanyFrameApplicationTests   : No active profile set, falling back to default profiles: default
2020-08-30 13:11:11.043  INFO 13644 --- [main] .s.d.r.c.RepositoryConfigurationDelegate : Multiple Spring Data modules found, entering strict repository configuration mode!
2020-08-30 13:11:11.043  INFO 13644 --- [main] .s.d.r.c.RepositoryConfigurationDelegate : Bootstrapping Spring Data repositories in DEFAULT mode.
2020-08-30 13:11:11.143  INFO 13644 --- [main] .s.d.r.c.RepositoryConfigurationDelegate : Finished Spring Data repository scanning in 70ms. Found 0 repository interfaces.
2020-08-30 13:11:12.236  INFO 13644 --- [main] trationDelegate$BeanPostProcessorChecker : Bean 'shiroConfig' of type [com.wx.xybb.config.ShiroConfig$$EnhancerBySpringCGLIB$$cd126cac] is not eligible for getting processed by all BeanPostProcessors (for example: not eligible for auto-proxying)
2020-08-30 13:11:13.412  INFO 13644 --- [main] trationDelegate$BeanPostProcessorChecker : Bean 'redisConfig' of type [com.wx.xybb.config.RedisConfig$$EnhancerBySpringCGLIB$$17e0f3f6] is not eligible for getting processed by all BeanPostProcessors (for example: not eligible for auto-proxying)
2020-08-30 13:11:13.462  INFO 13644 --- [main] trationDelegate$BeanPostProcessorChecker : Bean 'spring.redis-org.springframework.boot.autoconfigure.data.redis.RedisProperties' of type [org.springframework.boot.autoconfigure.data.redis.RedisProperties] is not eligible for getting processed by all BeanPostProcessors (for example: not eligible for auto-proxying)
2020-08-30 13:11:13.472  INFO 13644 --- [main] trationDelegate$BeanPostProcessorChecker : Bean 'org.springframework.boot.autoconfigure.data.redis.LettuceConnectionConfiguration' of type [org.springframework.boot.autoconfigure.data.redis.LettuceConnectionConfiguration$$EnhancerBySpringCGLIB$$1a6d78bd] is not eligible for getting processed by all BeanPostProcessors (for example: not eligible for auto-proxying)
2020-08-30 13:11:13.782  INFO 13644 --- [main] trationDelegate$BeanPostProcessorChecker : Bean 'lettuceClientResources' of type [io.lettuce.core.resource.DefaultClientResources] is not eligible for getting processed by all BeanPostProcessors (for example: not eligible for auto-proxying)
2020-08-30 13:11:14.232  INFO 13644 --- [main] trationDelegate$BeanPostProcessorChecker : Bean 'redisConnectionFactory' of type [org.springframework.data.redis.connection.lettuce.LettuceConnectionFactory] is not eligible for getting processed by all BeanPostProcessors (for example: not eligible for auto-proxying)
2020-08-30 13:11:14.282  INFO 13644 --- [main] trationDelegate$BeanPostProcessorChecker : Bean 'redisTemplate' of type [org.springframework.data.redis.core.RedisTemplate] is not eligible for getting processed by all BeanPostProcessors (for example: not eligible for auto-proxying)
2020-08-30 13:11:14.302  INFO 13644 --- [main] trationDelegate$BeanPostProcessorChecker : Bean 'redisService' of type [com.wx.xybb.service.RedisService] is not eligible for getting processed by all BeanPostProcessors (for example: not eligible for auto-proxying)
2020-08-30 13:11:14.302  INFO 13644 --- [main] trationDelegate$BeanPostProcessorChecker : Bean 'customHashedCredentialsMatcher' of type [com.wx.xybb.shiro.CustomHashedCredentialsMatcher] is not eligible for getting processed by all BeanPostProcessors (for example: not eligible for auto-proxying)
2020-08-30 13:11:14.312  INFO 13644 --- [main] trationDelegate$BeanPostProcessorChecker : Bean 'redisCacheManager' of type [com.wx.xybb.shiro.RedisCacheManager] is not eligible for getting processed by all BeanPostProcessors (for example: not eligible for auto-proxying)
2020-08-30 13:11:14.403  INFO 13644 --- [main] trationDelegate$BeanPostProcessorChecker : Bean 'mybatis-org.mybatis.spring.boot.autoconfigure.MybatisProperties' of type [org.mybatis.spring.boot.autoconfigure.MybatisProperties] is not eligible for getting processed by all BeanPostProcessors (for example: not eligible for auto-proxying)
2020-08-30 13:11:14.431  INFO 13644 --- [main] trationDelegate$BeanPostProcessorChecker : Bean 'org.mybatis.spring.boot.autoconfigure.MybatisAutoConfiguration' of type [org.mybatis.spring.boot.autoconfigure.MybatisAutoConfiguration$$EnhancerBySpringCGLIB$$38280ba3] is not eligible for getting processed by all BeanPostProcessors (for example: not eligible for auto-proxying)
2020-08-30 13:11:14.462  INFO 13644 --- [main] trationDelegate$BeanPostProcessorChecker : Bean 'com.alibaba.druid.spring.boot.autoconfigure.DruidDataSourceAutoConfigure' of type [com.alibaba.druid.spring.boot.autoconfigure.DruidDataSourceAutoConfigure$$EnhancerBySpringCGLIB$$1effafe5] is not eligible for getting processed by all BeanPostProcessors (for example: not eligible for auto-proxying)
2020-08-30 13:11:14.468  INFO 13644 --- [main] c.a.d.s.b.a.DruidDataSourceAutoConfigure : Init DruidDataSource
2020-08-30 13:11:14.691  INFO 13644 --- [main] trationDelegate$BeanPostProcessorChecker : Bean 'spring.datasource-org.springframework.boot.autoconfigure.jdbc.DataSourceProperties' of type [org.springframework.boot.autoconfigure.jdbc.DataSourceProperties] is not eligible for getting processed by all BeanPostProcessors (for example: not eligible for auto-proxying)
2020-08-30 13:11:14.701  INFO 13644 --- [main] trationDelegate$BeanPostProcessorChecker : Bean 'com.alibaba.druid.spring.boot.autoconfigure.stat.DruidFilterConfiguration' of type [com.alibaba.druid.spring.boot.autoconfigure.stat.DruidFilterConfiguration] is not eligible for getting processed by all BeanPostProcessors (for example: not eligible for auto-proxying)
2020-08-30 13:11:14.784  INFO 13644 --- [main] trationDelegate$BeanPostProcessorChecker : Bean 'statFilter' of type [com.alibaba.druid.filter.stat.StatFilter] is not eligible for getting processed by all BeanPostProcessors (for example: not eligible for auto-proxying)
2020-08-30 13:11:15.406  INFO 13644 --- [main] com.alibaba.druid.pool.DruidDataSource   : {dataSource-1} inited
2020-08-30 13:11:15.406  INFO 13644 --- [main] trationDelegate$BeanPostProcessorChecker : Bean 'dataSource' of type [com.alibaba.druid.spring.boot.autoconfigure.DruidDataSourceWrapper] is not eligible for getting processed by all BeanPostProcessors (for example: not eligible for auto-proxying)
2020-08-30 13:11:16.509  INFO 13644 --- [main] trationDelegate$BeanPostProcessorChecker : Bean 'sqlSessionFactory' of type [org.apache.ibatis.session.defaults.DefaultSqlSessionFactory] is not eligible for getting processed by all BeanPostProcessors (for example: not eligible for auto-proxying)
2020-08-30 13:11:16.529  INFO 13644 --- [main] trationDelegate$BeanPostProcessorChecker : Bean 'sqlSessionTemplate' of type [org.mybatis.spring.SqlSessionTemplate] is not eligible for getting processed by all BeanPostProcessors (for example: not eligible for auto-proxying)
2020-08-30 13:11:16.529  INFO 13644 --- [main] trationDelegate$BeanPostProcessorChecker : Bean 'sysRoleMapper' of type [org.mybatis.spring.mapper.MapperFactoryBean] is not eligible for getting processed by all BeanPostProcessors (for example: not eligible for auto-proxying)
2020-08-30 13:11:16.539  INFO 13644 --- [main] trationDelegate$BeanPostProcessorChecker : Bean 'sysRoleMapper' of type [com.sun.proxy.$Proxy89] is not eligible for getting processed by all BeanPostProcessors (for example: not eligible for auto-proxying)
2020-08-30 13:11:16.549  INFO 13644 --- [main] trationDelegate$BeanPostProcessorChecker : Bean 'sysRolePermissionMapper' of type [org.mybatis.spring.mapper.MapperFactoryBean] is not eligible for getting processed by all BeanPostProcessors (for example: not eligible for auto-proxying)
2020-08-30 13:11:16.549  INFO 13644 --- [main] trationDelegate$BeanPostProcessorChecker : Bean 'sysRolePermissionMapper' of type [com.sun.proxy.$Proxy90] is not eligible for getting processed by all BeanPostProcessors (for example: not eligible for auto-proxying)
2020-08-30 13:11:16.549  INFO 13644 --- [main] trationDelegate$BeanPostProcessorChecker : Bean 'rolePermissionServiceImpl' of type [com.wx.xybb.service.impl.RolePermissionServiceImpl] is not eligible for getting processed by all BeanPostProcessors (for example: not eligible for auto-proxying)
2020-08-30 13:11:16.679  INFO 13644 --- [main] trationDelegate$BeanPostProcessorChecker : Bean 'sysPermissionMapper' of type [org.mybatis.spring.mapper.MapperFactoryBean] is not eligible for getting processed by all BeanPostProcessors (for example: not eligible for auto-proxying)
2020-08-30 13:11:16.689  INFO 13644 --- [main] trationDelegate$BeanPostProcessorChecker : Bean 'sysPermissionMapper' of type [com.sun.proxy.$Proxy91] is not eligible for getting processed by all BeanPostProcessors (for example: not eligible for auto-proxying)
2020-08-30 13:11:16.719  INFO 13644 --- [main] trationDelegate$BeanPostProcessorChecker : Bean 'sysUserRoleMapper' of type [org.mybatis.spring.mapper.MapperFactoryBean] is not eligible for getting processed by all BeanPostProcessors (for example: not eligible for auto-proxying)
2020-08-30 13:11:16.739  INFO 13644 --- [main] trationDelegate$BeanPostProcessorChecker : Bean 'sysUserRoleMapper' of type [com.sun.proxy.$Proxy92] is not eligible for getting processed by all BeanPostProcessors (for example: not eligible for auto-proxying)
2020-08-30 13:11:16.749  INFO 13644 --- [main] trationDelegate$BeanPostProcessorChecker : Bean 'userRoleServiceImpl' of type [com.wx.xybb.service.impl.UserRoleServiceImpl] is not eligible for getting processed by all BeanPostProcessors (for example: not eligible for auto-proxying)
2020-08-30 13:11:16.779  INFO 13644 --- [main] trationDelegate$BeanPostProcessorChecker : Bean 'tokenSettings' of type [com.wx.xybb.utils.TokenSettings] is not eligible for getting processed by all BeanPostProcessors (for example: not eligible for auto-proxying)
2020-08-30 13:11:16.779  INFO 13644 --- [main] trationDelegate$BeanPostProcessorChecker : Bean 'permissionServiceImpl' of type [com.wx.xybb.service.impl.PermissionServiceImpl] is not eligible for getting processed by all BeanPostProcessors (for example: not eligible for auto-proxying)
2020-08-30 13:11:16.789  INFO 13644 --- [main] trationDelegate$BeanPostProcessorChecker : Bean 'roleServiceImpl' of type [com.wx.xybb.service.impl.RoleServiceImpl] is not eligible for getting processed by all BeanPostProcessors (for example: not eligible for auto-proxying)
2020-08-30 13:11:16.799  INFO 13644 --- [main] trationDelegate$BeanPostProcessorChecker : Bean 'customRealm' of type [com.wx.xybb.shiro.CustomRealm] is not eligible for getting processed by all BeanPostProcessors (for example: not eligible for auto-proxying)
2020-08-30 13:11:16.859  INFO 13644 --- [main] trationDelegate$BeanPostProcessorChecker : Bean 'securityManager' of type [org.apache.shiro.web.mgt.DefaultWebSecurityManager] is not eligible for getting processed by all BeanPostProcessors (for example: not eligible for auto-proxying)
2020-08-30 13:11:17.106  INFO 13644 --- [main] trationDelegate$BeanPostProcessorChecker : Bean 'authorizationAttributeSourceAdvisor' of type [org.apache.shiro.spring.security.interceptor.AuthorizationAttributeSourceAdvisor] is not eligible for getting processed by all BeanPostProcessors (for example: not eligible for auto-proxying)
2020-08-30 13:11:17.196  INFO 13644 --- [main] trationDelegate$BeanPostProcessorChecker : Bean 'org.springframework.transaction.annotation.ProxyTransactionManagementConfiguration' of type [org.springframework.transaction.annotation.ProxyTransactionManagementConfiguration$$EnhancerBySpringCGLIB$$553ba73] is not eligible for getting processed by all BeanPostProcessors (for example: not eligible for auto-proxying)
2020-08-30 13:11:21.155  INFO 13644 --- [main] pertySourcedRequestMappingHandlerMapping : Mapped URL path [/v2/api-docs] onto method [public org.springframework.http.ResponseEntity<springfox.documentation.spring.web.json.Json> springfox.documentation.swagger2.web.Swagger2Controller.getDocumentation(java.lang.String,javax.servlet.http.HttpServletRequest)]
2020-08-30 13:11:22.935  INFO 13644 --- [main] o.s.s.concurrent.ThreadPoolTaskExecutor  : Initializing ExecutorService 'applicationTaskExecutor'
2020-08-30 13:11:25.156  INFO 13644 --- [main] o.s.s.c.ThreadPoolTaskScheduler          : Initializing ExecutorService 'taskScheduler'
2020-08-30 13:11:25.346  INFO 13644 --- [main] d.s.w.p.DocumentationPluginsBootstrapper : Context refreshed
2020-08-30 13:11:25.406  INFO 13644 --- [main] d.s.w.p.DocumentationPluginsBootstrapper : Found 1 custom documentation plugin(s)
2020-08-30 13:11:25.486  INFO 13644 --- [main] s.d.s.w.s.ApiListingReferenceScanner     : Scanning for api listing references
2020-08-30 13:11:25.956  INFO 13644 --- [main] .d.s.w.r.o.CachingOperationNameGenerator : Generating unique operation named: pageInfoUsingPOST_1
2020-08-30 13:11:26.046  INFO 13644 --- [main] .d.s.w.r.o.CachingOperationNameGenerator : Generating unique operation named: pageInfoUsingPOST_2
2020-08-30 13:11:26.076  INFO 13644 --- [main] .d.s.w.r.o.CachingOperationNameGenerator : Generating unique operation named: pageInfoUsingPOST_3
2020-08-30 13:11:26.096  INFO 13644 --- [main] .d.s.w.r.o.CachingOperationNameGenerator : Generating unique operation named: getHomeUsingGET_1
2020-08-30 13:11:26.146  INFO 13644 --- [main] .d.s.w.r.o.CachingOperationNameGenerator : Generating unique operation named: detailInfoUsingGET_1
2020-08-30 13:11:26.226  INFO 13644 --- [main] .d.s.w.r.o.CachingOperationNameGenerator : Generating unique operation named: pageInfoUsingPOST_4
2020-08-30 13:11:26.356  INFO 13644 --- [main] .d.s.w.r.o.CachingOperationNameGenerator : Generating unique operation named: loginUsingPOST_1
2020-08-30 13:11:26.366  INFO 13644 --- [main] .d.s.w.r.o.CachingOperationNameGenerator : Generating unique operation named: loginUsingPOST_2
2020-08-30 13:11:26.536  INFO 13644 --- [main] c.wx.xybb.CompanyFrameApplicationTests   : Started CompanyFrameApplicationTests in 19.563 seconds (JVM running for 21.102)
2020-08-30 13:11:26.646 ERROR 13644 --- [main] o.s.test.context.TestContextManager      : Caught exception while allowing TestExecutionListener [org.springframework.boot.test.autoconfigure.SpringBootDependencyInjectionTestExecutionListener@302552ec] to prepare test instance [com.wx.xybb.CompanyFrameApplicationTests@30ef32eb]

org.springframework.beans.factory.UnsatisfiedDependencyException: Error creating bean with name 'com.wx.xybb.CompanyFrameApplicationTests': Unsatisfied dependency expressed through field 'wxUtils'; nested exception is org.springframework.beans.factory.NoSuchBeanDefinitionException: No qualifying bean of type 'com.wx.xybb.utils.WxUtils' available: expected at least 1 bean which qualifies as autowire candidate. Dependency annotations: {@org.springframework.beans.factory.annotation.Autowired(required=true)}
	at org.springframework.beans.factory.annotation.AutowiredAnnotationBeanPostProcessor$AutowiredFieldElement.inject(AutowiredAnnotationBeanPostProcessor.java:596) ~[spring-beans-5.1.8.RELEASE.jar:5.1.8.RELEASE]
	at org.springframework.beans.factory.annotation.InjectionMetadata.inject(InjectionMetadata.java:90) ~[spring-beans-5.1.8.RELEASE.jar:5.1.8.RELEASE]
	at org.springframework.beans.factory.annotation.AutowiredAnnotationBeanPostProcessor.postProcessProperties(AutowiredAnnotationBeanPostProcessor.java:374) ~[spring-beans-5.1.8.RELEASE.jar:5.1.8.RELEASE]
	at org.springframework.beans.factory.support.AbstractAutowireCapableBeanFactory.populateBean(AbstractAutowireCapableBeanFactory.java:1411) ~[spring-beans-5.1.8.RELEASE.jar:5.1.8.RELEASE]
	at org.springframework.beans.factory.support.AbstractAutowireCapableBeanFactory.autowireBeanProperties(AbstractAutowireCapableBeanFactory.java:391) ~[spring-beans-5.1.8.RELEASE.jar:5.1.8.RELEASE]
	at org.springframework.test.context.support.DependencyInjectionTestExecutionListener.injectDependencies(DependencyInjectionTestExecutionListener.java:119) ~[spring-test-5.1.8.RELEASE.jar:5.1.8.RELEASE]
	at org.springframework.test.context.support.DependencyInjectionTestExecutionListener.prepareTestInstance(DependencyInjectionTestExecutionListener.java:83) ~[spring-test-5.1.8.RELEASE.jar:5.1.8.RELEASE]
	at org.springframework.boot.test.autoconfigure.SpringBootDependencyInjectionTestExecutionListener.prepareTestInstance(SpringBootDependencyInjectionTestExecutionListener.java:43) ~[spring-boot-test-autoconfigure-2.1.6.RELEASE.jar:2.1.6.RELEASE]
	at org.springframework.test.context.TestContextManager.prepareTestInstance(TestContextManager.java:246) ~[spring-test-5.1.8.RELEASE.jar:5.1.8.RELEASE]
	at org.springframework.test.context.junit4.SpringJUnit4ClassRunner.createTest(SpringJUnit4ClassRunner.java:227) [spring-test-5.1.8.RELEASE.jar:5.1.8.RELEASE]
	at org.springframework.test.context.junit4.SpringJUnit4ClassRunner$1.runReflectiveCall(SpringJUnit4ClassRunner.java:289) [spring-test-5.1.8.RELEASE.jar:5.1.8.RELEASE]
	at org.junit.internal.runners.model.ReflectiveCallable.run(ReflectiveCallable.java:12) [junit-4.12.jar:4.12]
	at org.springframework.test.context.junit4.SpringJUnit4ClassRunner.methodBlock(SpringJUnit4ClassRunner.java:291) [spring-test-5.1.8.RELEASE.jar:5.1.8.RELEASE]
	at org.springframework.test.context.junit4.SpringJUnit4ClassRunner.runChild(SpringJUnit4ClassRunner.java:246) [spring-test-5.1.8.RELEASE.jar:5.1.8.RELEASE]
	at org.springframework.test.context.junit4.SpringJUnit4ClassRunner.runChild(SpringJUnit4ClassRunner.java:97) [spring-test-5.1.8.RELEASE.jar:5.1.8.RELEASE]
	at org.junit.runners.ParentRunner$3.run(ParentRunner.java:290) [junit-4.12.jar:4.12]
	at org.junit.runners.ParentRunner$1.schedule(ParentRunner.java:71) [junit-4.12.jar:4.12]
	at org.junit.runners.ParentRunner.runChildren(ParentRunner.java:288) [junit-4.12.jar:4.12]
	at org.junit.runners.ParentRunner.access$000(ParentRunner.java:58) [junit-4.12.jar:4.12]
	at org.junit.runners.ParentRunner$2.evaluate(ParentRunner.java:268) [junit-4.12.jar:4.12]
	at org.springframework.test.context.junit4.statements.RunBeforeTestClassCallbacks.evaluate(RunBeforeTestClassCallbacks.java:61) [spring-test-5.1.8.RELEASE.jar:5.1.8.RELEASE]
	at org.springframework.test.context.junit4.statements.RunAfterTestClassCallbacks.evaluate(RunAfterTestClassCallbacks.java:70) [spring-test-5.1.8.RELEASE.jar:5.1.8.RELEASE]
	at org.junit.runners.ParentRunner.run(ParentRunner.java:363) [junit-4.12.jar:4.12]
	at org.springframework.test.context.junit4.SpringJUnit4ClassRunner.run(SpringJUnit4ClassRunner.java:190) [spring-test-5.1.8.RELEASE.jar:5.1.8.RELEASE]
	at org.apache.maven.surefire.junit4.JUnit4Provider.execute(JUnit4Provider.java:365) [surefire-junit4-2.22.2.jar:2.22.2]
	at org.apache.maven.surefire.junit4.JUnit4Provider.executeWithRerun(JUnit4Provider.java:273) [surefire-junit4-2.22.2.jar:2.22.2]
	at org.apache.maven.surefire.junit4.JUnit4Provider.executeTestSet(JUnit4Provider.java:238) [surefire-junit4-2.22.2.jar:2.22.2]
	at org.apache.maven.surefire.junit4.JUnit4Provider.invoke(JUnit4Provider.java:159) [surefire-junit4-2.22.2.jar:2.22.2]
	at org.apache.maven.surefire.booter.ForkedBooter.invokeProviderInSameClassLoader(ForkedBooter.java:384) [surefire-booter-2.22.2.jar:2.22.2]
	at org.apache.maven.surefire.booter.ForkedBooter.runSuitesInProcess(ForkedBooter.java:345) [surefire-booter-2.22.2.jar:2.22.2]
	at org.apache.maven.surefire.booter.ForkedBooter.execute(ForkedBooter.java:126) [surefire-booter-2.22.2.jar:2.22.2]
	at org.apache.maven.surefire.booter.ForkedBooter.main(ForkedBooter.java:418) [surefire-booter-2.22.2.jar:2.22.2]
Caused by: org.springframework.beans.factory.NoSuchBeanDefinitionException: No qualifying bean of type 'com.wx.xybb.utils.WxUtils' available: expected at least 1 bean which qualifies as autowire candidate. Dependency annotations: {@org.springframework.beans.factory.annotation.Autowired(required=true)}
	at org.springframework.beans.factory.support.DefaultListableBeanFactory.raiseNoMatchingBeanFound(DefaultListableBeanFactory.java:1658) ~[spring-beans-5.1.8.RELEASE.jar:5.1.8.RELEASE]
	at org.springframework.beans.factory.support.DefaultListableBeanFactory.doResolveDependency(DefaultListableBeanFactory.java:1217) ~[spring-beans-5.1.8.RELEASE.jar:5.1.8.RELEASE]
	at org.springframework.beans.factory.support.DefaultListableBeanFactory.resolveDependency(DefaultListableBeanFactory.java:1171) ~[spring-beans-5.1.8.RELEASE.jar:5.1.8.RELEASE]
	at org.springframework.beans.factory.annotation.AutowiredAnnotationBeanPostProcessor$AutowiredFieldElement.inject(AutowiredAnnotationBeanPostProcessor.java:593) ~[spring-beans-5.1.8.RELEASE.jar:5.1.8.RELEASE]
	... 31 common frames omitted

2020-08-30 13:11:27.786  INFO 13644 --- [Thread-3] o.s.s.c.ThreadPoolTaskScheduler          : Shutting down ExecutorService 'taskScheduler'
2020-08-30 13:11:27.796  INFO 13644 --- [Thread-3] o.s.s.concurrent.ThreadPoolTaskExecutor  : Shutting down ExecutorService 'applicationTaskExecutor'
2020-08-30 13:11:27.826  INFO 13644 --- [Thread-3] com.alibaba.druid.pool.DruidDataSource   : {dataSource-1} closed
2020-08-30 15:32:45.802  INFO 10620 --- [restartedMain] com.wx.xybb.CompanyFrameApplication      : Starting CompanyFrameApplication on small-kai with PID 10620 (started by 灏 in D:\浠跺す\xybb\xybb)
2020-08-30 15:32:45.812  INFO 10620 --- [restartedMain] com.wx.xybb.CompanyFrameApplication      : No active profile set, falling back to default profiles: default
2020-08-30 15:32:45.962  INFO 10620 --- [restartedMain] .e.DevToolsPropertyDefaultsPostProcessor : Devtools property defaults active! Set 'spring.devtools.add-properties' to 'false' to disable
2020-08-30 15:32:45.962  INFO 10620 --- [restartedMain] .e.DevToolsPropertyDefaultsPostProcessor : For additional web related logging consider setting the 'logging.level.web' property to 'DEBUG'
2020-08-30 15:32:47.506  INFO 10620 --- [restartedMain] .s.d.r.c.RepositoryConfigurationDelegate : Multiple Spring Data modules found, entering strict repository configuration mode!
2020-08-30 15:32:47.506  INFO 10620 --- [restartedMain] .s.d.r.c.RepositoryConfigurationDelegate : Bootstrapping Spring Data repositories in DEFAULT mode.
2020-08-30 15:32:47.577  INFO 10620 --- [restartedMain] .s.d.r.c.RepositoryConfigurationDelegate : Finished Spring Data repository scanning in 41ms. Found 0 repository interfaces.
2020-08-30 15:32:47.937  INFO 10620 --- [restartedMain] trationDelegate$BeanPostProcessorChecker : Bean 'shiroConfig' of type [com.wx.xybb.config.ShiroConfig$$EnhancerBySpringCGLIB$$dc4cde99] is not eligible for getting processed by all BeanPostProcessors (for example: not eligible for auto-proxying)
2020-08-30 15:32:48.476  INFO 10620 --- [restartedMain] trationDelegate$BeanPostProcessorChecker : Bean 'redisConfig' of type [com.wx.xybb.config.RedisConfig$$EnhancerBySpringCGLIB$$271b65e3] is not eligible for getting processed by all BeanPostProcessors (for example: not eligible for auto-proxying)
2020-08-30 15:32:48.497  INFO 10620 --- [restartedMain] trationDelegate$BeanPostProcessorChecker : Bean 'spring.redis-org.springframework.boot.autoconfigure.data.redis.RedisProperties' of type [org.springframework.boot.autoconfigure.data.redis.RedisProperties] is not eligible for getting processed by all BeanPostProcessors (for example: not eligible for auto-proxying)
2020-08-30 15:32:48.506  INFO 10620 --- [restartedMain] trationDelegate$BeanPostProcessorChecker : Bean 'org.springframework.boot.autoconfigure.data.redis.LettuceConnectionConfiguration' of type [org.springframework.boot.autoconfigure.data.redis.LettuceConnectionConfiguration$$EnhancerBySpringCGLIB$$29a7eaaa] is not eligible for getting processed by all BeanPostProcessors (for example: not eligible for auto-proxying)
2020-08-30 15:32:48.596  INFO 10620 --- [restartedMain] trationDelegate$BeanPostProcessorChecker : Bean 'lettuceClientResources' of type [io.lettuce.core.resource.DefaultClientResources] is not eligible for getting processed by all BeanPostProcessors (for example: not eligible for auto-proxying)
2020-08-30 15:32:48.676  INFO 10620 --- [restartedMain] trationDelegate$BeanPostProcessorChecker : Bean 'redisConnectionFactory' of type [org.springframework.data.redis.connection.lettuce.LettuceConnectionFactory] is not eligible for getting processed by all BeanPostProcessors (for example: not eligible for auto-proxying)
2020-08-30 15:32:48.696  INFO 10620 --- [restartedMain] trationDelegate$BeanPostProcessorChecker : Bean 'redisTemplate' of type [org.springframework.data.redis.core.RedisTemplate] is not eligible for getting processed by all BeanPostProcessors (for example: not eligible for auto-proxying)
2020-08-30 15:32:48.707  INFO 10620 --- [restartedMain] trationDelegate$BeanPostProcessorChecker : Bean 'redisService' of type [com.wx.xybb.service.RedisService] is not eligible for getting processed by all BeanPostProcessors (for example: not eligible for auto-proxying)
2020-08-30 15:32:48.707  INFO 10620 --- [restartedMain] trationDelegate$BeanPostProcessorChecker : Bean 'customHashedCredentialsMatcher' of type [com.wx.xybb.shiro.CustomHashedCredentialsMatcher] is not eligible for getting processed by all BeanPostProcessors (for example: not eligible for auto-proxying)
2020-08-30 15:32:48.707  INFO 10620 --- [restartedMain] trationDelegate$BeanPostProcessorChecker : Bean 'redisCacheManager' of type [com.wx.xybb.shiro.RedisCacheManager] is not eligible for getting processed by all BeanPostProcessors (for example: not eligible for auto-proxying)
2020-08-30 15:32:48.746  INFO 10620 --- [restartedMain] trationDelegate$BeanPostProcessorChecker : Bean 'mybatis-org.mybatis.spring.boot.autoconfigure.MybatisProperties' of type [org.mybatis.spring.boot.autoconfigure.MybatisProperties] is not eligible for getting processed by all BeanPostProcessors (for example: not eligible for auto-proxying)
2020-08-30 15:32:48.756  INFO 10620 --- [restartedMain] trationDelegate$BeanPostProcessorChecker : Bean 'org.mybatis.spring.boot.autoconfigure.MybatisAutoConfiguration' of type [org.mybatis.spring.boot.autoconfigure.MybatisAutoConfiguration$$EnhancerBySpringCGLIB$$47627d90] is not eligible for getting processed by all BeanPostProcessors (for example: not eligible for auto-proxying)
2020-08-30 15:32:48.766  INFO 10620 --- [restartedMain] trationDelegate$BeanPostProcessorChecker : Bean 'com.alibaba.druid.spring.boot.autoconfigure.DruidDataSourceAutoConfigure' of type [com.alibaba.druid.spring.boot.autoconfigure.DruidDataSourceAutoConfigure$$EnhancerBySpringCGLIB$$2e3a21d2] is not eligible for getting processed by all BeanPostProcessors (for example: not eligible for auto-proxying)
2020-08-30 15:32:48.766  INFO 10620 --- [restartedMain] c.a.d.s.b.a.DruidDataSourceAutoConfigure : Init DruidDataSource
2020-08-30 15:32:48.996  INFO 10620 --- [restartedMain] trationDelegate$BeanPostProcessorChecker : Bean 'spring.datasource-org.springframework.boot.autoconfigure.jdbc.DataSourceProperties' of type [org.springframework.boot.autoconfigure.jdbc.DataSourceProperties] is not eligible for getting processed by all BeanPostProcessors (for example: not eligible for auto-proxying)
2020-08-30 15:32:48.996  INFO 10620 --- [restartedMain] trationDelegate$BeanPostProcessorChecker : Bean 'com.alibaba.druid.spring.boot.autoconfigure.stat.DruidFilterConfiguration' of type [com.alibaba.druid.spring.boot.autoconfigure.stat.DruidFilterConfiguration] is not eligible for getting processed by all BeanPostProcessors (for example: not eligible for auto-proxying)
2020-08-30 15:32:49.026  INFO 10620 --- [restartedMain] trationDelegate$BeanPostProcessorChecker : Bean 'statFilter' of type [com.alibaba.druid.filter.stat.StatFilter] is not eligible for getting processed by all BeanPostProcessors (for example: not eligible for auto-proxying)
2020-08-30 15:32:49.635  INFO 10620 --- [restartedMain] com.alibaba.druid.pool.DruidDataSource   : {dataSource-1} inited
2020-08-30 15:32:49.636  INFO 10620 --- [restartedMain] trationDelegate$BeanPostProcessorChecker : Bean 'dataSource' of type [com.alibaba.druid.spring.boot.autoconfigure.DruidDataSourceWrapper] is not eligible for getting processed by all BeanPostProcessors (for example: not eligible for auto-proxying)
2020-08-30 15:32:50.047  INFO 10620 --- [restartedMain] trationDelegate$BeanPostProcessorChecker : Bean 'sqlSessionFactory' of type [org.apache.ibatis.session.defaults.DefaultSqlSessionFactory] is not eligible for getting processed by all BeanPostProcessors (for example: not eligible for auto-proxying)
2020-08-30 15:32:50.057  INFO 10620 --- [restartedMain] trationDelegate$BeanPostProcessorChecker : Bean 'sqlSessionTemplate' of type [org.mybatis.spring.SqlSessionTemplate] is not eligible for getting processed by all BeanPostProcessors (for example: not eligible for auto-proxying)
2020-08-30 15:32:50.057  INFO 10620 --- [restartedMain] trationDelegate$BeanPostProcessorChecker : Bean 'sysRoleMapper' of type [org.mybatis.spring.mapper.MapperFactoryBean] is not eligible for getting processed by all BeanPostProcessors (for example: not eligible for auto-proxying)
2020-08-30 15:32:50.057  INFO 10620 --- [restartedMain] trationDelegate$BeanPostProcessorChecker : Bean 'sysRoleMapper' of type [com.sun.proxy.$Proxy70] is not eligible for getting processed by all BeanPostProcessors (for example: not eligible for auto-proxying)
2020-08-30 15:32:50.057  INFO 10620 --- [restartedMain] trationDelegate$BeanPostProcessorChecker : Bean 'sysRolePermissionMapper' of type [org.mybatis.spring.mapper.MapperFactoryBean] is not eligible for getting processed by all BeanPostProcessors (for example: not eligible for auto-proxying)
2020-08-30 15:32:50.057  INFO 10620 --- [restartedMain] trationDelegate$BeanPostProcessorChecker : Bean 'sysRolePermissionMapper' of type [com.sun.proxy.$Proxy71] is not eligible for getting processed by all BeanPostProcessors (for example: not eligible for auto-proxying)
2020-08-30 15:32:50.067  INFO 10620 --- [restartedMain] trationDelegate$BeanPostProcessorChecker : Bean 'rolePermissionServiceImpl' of type [com.wx.xybb.service.impl.RolePermissionServiceImpl] is not eligible for getting processed by all BeanPostProcessors (for example: not eligible for auto-proxying)
2020-08-30 15:32:50.067  INFO 10620 --- [restartedMain] trationDelegate$BeanPostProcessorChecker : Bean 'sysPermissionMapper' of type [org.mybatis.spring.mapper.MapperFactoryBean] is not eligible for getting processed by all BeanPostProcessors (for example: not eligible for auto-proxying)
2020-08-30 15:32:50.067  INFO 10620 --- [restartedMain] trationDelegate$BeanPostProcessorChecker : Bean 'sysPermissionMapper' of type [com.sun.proxy.$Proxy72] is not eligible for getting processed by all BeanPostProcessors (for example: not eligible for auto-proxying)
2020-08-30 15:32:50.077  INFO 10620 --- [restartedMain] trationDelegate$BeanPostProcessorChecker : Bean 'sysUserRoleMapper' of type [org.mybatis.spring.mapper.MapperFactoryBean] is not eligible for getting processed by all BeanPostProcessors (for example: not eligible for auto-proxying)
2020-08-30 15:32:50.077  INFO 10620 --- [restartedMain] trationDelegate$BeanPostProcessorChecker : Bean 'sysUserRoleMapper' of type [com.sun.proxy.$Proxy73] is not eligible for getting processed by all BeanPostProcessors (for example: not eligible for auto-proxying)
2020-08-30 15:32:50.077  INFO 10620 --- [restartedMain] trationDelegate$BeanPostProcessorChecker : Bean 'userRoleServiceImpl' of type [com.wx.xybb.service.impl.UserRoleServiceImpl] is not eligible for getting processed by all BeanPostProcessors (for example: not eligible for auto-proxying)
2020-08-30 15:32:50.077  INFO 10620 --- [restartedMain] trationDelegate$BeanPostProcessorChecker : Bean 'tokenSettings' of type [com.wx.xybb.utils.TokenSettings] is not eligible for getting processed by all BeanPostProcessors (for example: not eligible for auto-proxying)
2020-08-30 15:32:50.077  INFO 10620 --- [restartedMain] trationDelegate$BeanPostProcessorChecker : Bean 'permissionServiceImpl' of type [com.wx.xybb.service.impl.PermissionServiceImpl] is not eligible for getting processed by all BeanPostProcessors (for example: not eligible for auto-proxying)
2020-08-30 15:32:50.087  INFO 10620 --- [restartedMain] trationDelegate$BeanPostProcessorChecker : Bean 'roleServiceImpl' of type [com.wx.xybb.service.impl.RoleServiceImpl] is not eligible for getting processed by all BeanPostProcessors (for example: not eligible for auto-proxying)
2020-08-30 15:32:50.087  INFO 10620 --- [restartedMain] trationDelegate$BeanPostProcessorChecker : Bean 'customRealm' of type [com.wx.xybb.shiro.CustomRealm] is not eligible for getting processed by all BeanPostProcessors (for example: not eligible for auto-proxying)
2020-08-30 15:32:50.087  INFO 10620 --- [restartedMain] trationDelegate$BeanPostProcessorChecker : Bean 'securityManager' of type [org.apache.shiro.web.mgt.DefaultWebSecurityManager] is not eligible for getting processed by all BeanPostProcessors (for example: not eligible for auto-proxying)
2020-08-30 15:32:50.147  INFO 10620 --- [restartedMain] trationDelegate$BeanPostProcessorChecker : Bean 'authorizationAttributeSourceAdvisor' of type [org.apache.shiro.spring.security.interceptor.AuthorizationAttributeSourceAdvisor] is not eligible for getting processed by all BeanPostProcessors (for example: not eligible for auto-proxying)
2020-08-30 15:32:50.197  INFO 10620 --- [restartedMain] trationDelegate$BeanPostProcessorChecker : Bean 'org.springframework.transaction.annotation.ProxyTransactionManagementConfiguration' of type [org.springframework.transaction.annotation.ProxyTransactionManagementConfiguration$$EnhancerBySpringCGLIB$$148e2c60] is not eligible for getting processed by all BeanPostProcessors (for example: not eligible for auto-proxying)
2020-08-30 15:32:50.847  INFO 10620 --- [restartedMain] o.s.b.w.embedded.tomcat.TomcatWebServer  : Tomcat initialized with port(s): 8080 (http)
2020-08-30 15:32:50.877  INFO 10620 --- [restartedMain] o.apache.catalina.core.StandardService   : Starting service [Tomcat]
2020-08-30 15:32:50.877  INFO 10620 --- [restartedMain] org.apache.catalina.core.StandardEngine  : Starting Servlet engine: [Apache Tomcat/9.0.21]
2020-08-30 15:32:51.027  INFO 10620 --- [restartedMain] o.a.c.c.C.[Tomcat].[localhost].[/]       : Initializing Spring embedded WebApplicationContext
2020-08-30 15:32:51.027  INFO 10620 --- [restartedMain] o.s.web.context.ContextLoader            : Root WebApplicationContext: initialization completed in 5065 ms
2020-08-30 15:32:52.177  INFO 10620 --- [restartedMain] pertySourcedRequestMappingHandlerMapping : Mapped URL path [/v2/api-docs] onto method [public org.springframework.http.ResponseEntity<springfox.documentation.spring.web.json.Json> springfox.documentation.swagger2.web.Swagger2Controller.getDocumentation(java.lang.String,javax.servlet.http.HttpServletRequest)]
2020-08-30 15:32:52.507  INFO 10620 --- [restartedMain] o.s.s.concurrent.ThreadPoolTaskExecutor  : Initializing ExecutorService 'applicationTaskExecutor'
2020-08-30 15:32:52.597  INFO 10620 --- [restartedMain] o.s.b.d.a.OptionalLiveReloadServer       : LiveReload server is running on port 35729
2020-08-30 15:32:53.177  INFO 10620 --- [restartedMain] o.s.s.c.ThreadPoolTaskScheduler          : Initializing ExecutorService 'taskScheduler'
2020-08-30 15:32:53.388  INFO 10620 --- [restartedMain] d.s.w.p.DocumentationPluginsBootstrapper : Context refreshed
2020-08-30 15:32:53.421  INFO 10620 --- [restartedMain] d.s.w.p.DocumentationPluginsBootstrapper : Found 1 custom documentation plugin(s)
2020-08-30 15:32:53.478  INFO 10620 --- [restartedMain] s.d.s.w.s.ApiListingReferenceScanner     : Scanning for api listing references
2020-08-30 15:32:53.721  INFO 10620 --- [restartedMain] .d.s.w.r.o.CachingOperationNameGenerator : Generating unique operation named: pageInfoUsingPOST_1
2020-08-30 15:32:53.765  INFO 10620 --- [restartedMain] .d.s.w.r.o.CachingOperationNameGenerator : Generating unique operation named: pageInfoUsingPOST_2
2020-08-30 15:32:53.781  INFO 10620 --- [restartedMain] .d.s.w.r.o.CachingOperationNameGenerator : Generating unique operation named: pageInfoUsingPOST_3
2020-08-30 15:32:53.790  INFO 10620 --- [restartedMain] .d.s.w.r.o.CachingOperationNameGenerator : Generating unique operation named: getHomeUsingGET_1
2020-08-30 15:32:53.809  INFO 10620 --- [restartedMain] .d.s.w.r.o.CachingOperationNameGenerator : Generating unique operation named: detailInfoUsingGET_1
2020-08-30 15:32:53.825  INFO 10620 --- [restartedMain] .d.s.w.r.o.CachingOperationNameGenerator : Generating unique operation named: pageInfoUsingPOST_4
2020-08-30 15:32:53.868  INFO 10620 --- [restartedMain] .d.s.w.r.o.CachingOperationNameGenerator : Generating unique operation named: loginUsingPOST_1
2020-08-30 15:32:53.872  INFO 10620 --- [restartedMain] .d.s.w.r.o.CachingOperationNameGenerator : Generating unique operation named: loginUsingPOST_2
2020-08-30 15:32:53.964  INFO 10620 --- [restartedMain] o.s.b.w.embedded.tomcat.TomcatWebServer  : Tomcat started on port(s): 8080 (http) with context path ''
2020-08-30 15:32:53.969  INFO 10620 --- [restartedMain] com.wx.xybb.CompanyFrameApplication      : Started CompanyFrameApplication in 8.916 seconds (JVM running for 11.883)
