2020-09-24 09:34:16.248  INFO 14512 --- [restartedMain] com.wx.xybb.CompanyFrameApplication      : Starting CompanyFrameApplication on small-kai with PID 14512 (D:\xybb_background\target\classes started by 小凯 in D:\xybb_background)
2020-09-24 09:34:16.258  INFO 14512 --- [restartedMain] com.wx.xybb.CompanyFrameApplication      : No active profile set, falling back to default profiles: default
2020-09-24 09:34:16.348  INFO 14512 --- [restartedMain] .e.DevToolsPropertyDefaultsPostProcessor : Devtools property defaults active! Set 'spring.devtools.add-properties' to 'false' to disable
2020-09-24 09:34:16.348  INFO 14512 --- [restartedMain] .e.DevToolsPropertyDefaultsPostProcessor : For additional web related logging consider setting the 'logging.level.web' property to 'DEBUG'
2020-09-24 09:34:18.258  INFO 14512 --- [restartedMain] .s.d.r.c.RepositoryConfigurationDelegate : Multiple Spring Data modules found, entering strict repository configuration mode!
2020-09-24 09:34:18.268  INFO 14512 --- [restartedMain] .s.d.r.c.RepositoryConfigurationDelegate : Bootstrapping Spring Data repositories in DEFAULT mode.
2020-09-24 09:34:18.338  INFO 14512 --- [restartedMain] .s.d.r.c.RepositoryConfigurationDelegate : Finished Spring Data repository scanning in 50ms. Found 0 repository interfaces.
2020-09-24 09:34:18.758  INFO 14512 --- [restartedMain] trationDelegate$BeanPostProcessorChecker : Bean 'shiroConfig' of type [com.wx.xybb.config.ShiroConfig$$EnhancerBySpringCGLIB$$53c5a019] is not eligible for getting processed by all BeanPostProcessors (for example: not eligible for auto-proxying)
2020-09-24 09:34:19.288  INFO 14512 --- [restartedMain] trationDelegate$BeanPostProcessorChecker : Bean 'redisConfig' of type [com.wx.xybb.config.RedisConfig$$EnhancerBySpringCGLIB$$9e942763] is not eligible for getting processed by all BeanPostProcessors (for example: not eligible for auto-proxying)
2020-09-24 09:34:19.318  INFO 14512 --- [restartedMain] trationDelegate$BeanPostProcessorChecker : Bean 'spring.redis-org.springframework.boot.autoconfigure.data.redis.RedisProperties' of type [org.springframework.boot.autoconfigure.data.redis.RedisProperties] is not eligible for getting processed by all BeanPostProcessors (for example: not eligible for auto-proxying)
2020-09-24 09:34:19.318  INFO 14512 --- [restartedMain] trationDelegate$BeanPostProcessorChecker : Bean 'org.springframework.boot.autoconfigure.data.redis.LettuceConnectionConfiguration' of type [org.springframework.boot.autoconfigure.data.redis.LettuceConnectionConfiguration$$EnhancerBySpringCGLIB$$a120ac2a] is not eligible for getting processed by all BeanPostProcessors (for example: not eligible for auto-proxying)
2020-09-24 09:34:19.418  INFO 14512 --- [restartedMain] trationDelegate$BeanPostProcessorChecker : Bean 'lettuceClientResources' of type [io.lettuce.core.resource.DefaultClientResources] is not eligible for getting processed by all BeanPostProcessors (for example: not eligible for auto-proxying)
2020-09-24 09:34:19.508  INFO 14512 --- [restartedMain] trationDelegate$BeanPostProcessorChecker : Bean 'redisConnectionFactory' of type [org.springframework.data.redis.connection.lettuce.LettuceConnectionFactory] is not eligible for getting processed by all BeanPostProcessors (for example: not eligible for auto-proxying)
2020-09-24 09:34:19.528  INFO 14512 --- [restartedMain] trationDelegate$BeanPostProcessorChecker : Bean 'redisTemplate' of type [org.springframework.data.redis.core.RedisTemplate] is not eligible for getting processed by all BeanPostProcessors (for example: not eligible for auto-proxying)
2020-09-24 09:34:19.528  INFO 14512 --- [restartedMain] trationDelegate$BeanPostProcessorChecker : Bean 'redisService' of type [com.wx.xybb.service.RedisService] is not eligible for getting processed by all BeanPostProcessors (for example: not eligible for auto-proxying)
2020-09-24 09:34:19.528  INFO 14512 --- [restartedMain] trationDelegate$BeanPostProcessorChecker : Bean 'customHashedCredentialsMatcher' of type [com.wx.xybb.shiro.CustomHashedCredentialsMatcher] is not eligible for getting processed by all BeanPostProcessors (for example: not eligible for auto-proxying)
2020-09-24 09:34:19.528  INFO 14512 --- [restartedMain] trationDelegate$BeanPostProcessorChecker : Bean 'redisCacheManager' of type [com.wx.xybb.shiro.RedisCacheManager] is not eligible for getting processed by all BeanPostProcessors (for example: not eligible for auto-proxying)
2020-09-24 09:34:19.558  INFO 14512 --- [restartedMain] trationDelegate$BeanPostProcessorChecker : Bean 'mybatis-org.mybatis.spring.boot.autoconfigure.MybatisProperties' of type [org.mybatis.spring.boot.autoconfigure.MybatisProperties] is not eligible for getting processed by all BeanPostProcessors (for example: not eligible for auto-proxying)
2020-09-24 09:34:19.568  INFO 14512 --- [restartedMain] trationDelegate$BeanPostProcessorChecker : Bean 'org.mybatis.spring.boot.autoconfigure.MybatisAutoConfiguration' of type [org.mybatis.spring.boot.autoconfigure.MybatisAutoConfiguration$$EnhancerBySpringCGLIB$$bedb3f10] is not eligible for getting processed by all BeanPostProcessors (for example: not eligible for auto-proxying)
2020-09-24 09:34:19.578  INFO 14512 --- [restartedMain] trationDelegate$BeanPostProcessorChecker : Bean 'com.alibaba.druid.spring.boot.autoconfigure.DruidDataSourceAutoConfigure' of type [com.alibaba.druid.spring.boot.autoconfigure.DruidDataSourceAutoConfigure$$EnhancerBySpringCGLIB$$a5b2e352] is not eligible for getting processed by all BeanPostProcessors (for example: not eligible for auto-proxying)
2020-09-24 09:34:19.578  INFO 14512 --- [restartedMain] c.a.d.s.b.a.DruidDataSourceAutoConfigure : Init DruidDataSource
2020-09-24 09:34:19.648  INFO 14512 --- [restartedMain] trationDelegate$BeanPostProcessorChecker : Bean 'spring.datasource-org.springframework.boot.autoconfigure.jdbc.DataSourceProperties' of type [org.springframework.boot.autoconfigure.jdbc.DataSourceProperties] is not eligible for getting processed by all BeanPostProcessors (for example: not eligible for auto-proxying)
2020-09-24 09:34:19.658  INFO 14512 --- [restartedMain] trationDelegate$BeanPostProcessorChecker : Bean 'com.alibaba.druid.spring.boot.autoconfigure.stat.DruidFilterConfiguration' of type [com.alibaba.druid.spring.boot.autoconfigure.stat.DruidFilterConfiguration] is not eligible for getting processed by all BeanPostProcessors (for example: not eligible for auto-proxying)
2020-09-24 09:34:19.828  INFO 14512 --- [restartedMain] trationDelegate$BeanPostProcessorChecker : Bean 'statFilter' of type [com.alibaba.druid.filter.stat.StatFilter] is not eligible for getting processed by all BeanPostProcessors (for example: not eligible for auto-proxying)
2020-09-24 09:34:24.128  INFO 14512 --- [restartedMain] com.alibaba.druid.pool.DruidDataSource   : {dataSource-1} inited
2020-09-24 09:34:24.128  INFO 14512 --- [restartedMain] trationDelegate$BeanPostProcessorChecker : Bean 'dataSource' of type [com.alibaba.druid.spring.boot.autoconfigure.DruidDataSourceWrapper] is not eligible for getting processed by all BeanPostProcessors (for example: not eligible for auto-proxying)
2020-09-24 09:34:24.548  INFO 14512 --- [restartedMain] trationDelegate$BeanPostProcessorChecker : Bean 'sqlSessionFactory' of type [org.apache.ibatis.session.defaults.DefaultSqlSessionFactory] is not eligible for getting processed by all BeanPostProcessors (for example: not eligible for auto-proxying)
2020-09-24 09:34:24.558  INFO 14512 --- [restartedMain] trationDelegate$BeanPostProcessorChecker : Bean 'sqlSessionTemplate' of type [org.mybatis.spring.SqlSessionTemplate] is not eligible for getting processed by all BeanPostProcessors (for example: not eligible for auto-proxying)
2020-09-24 09:34:24.558  INFO 14512 --- [restartedMain] trationDelegate$BeanPostProcessorChecker : Bean 'sysRoleMapper' of type [org.mybatis.spring.mapper.MapperFactoryBean] is not eligible for getting processed by all BeanPostProcessors (for example: not eligible for auto-proxying)
2020-09-24 09:34:24.558  INFO 14512 --- [restartedMain] trationDelegate$BeanPostProcessorChecker : Bean 'sysRoleMapper' of type [com.sun.proxy.$Proxy70] is not eligible for getting processed by all BeanPostProcessors (for example: not eligible for auto-proxying)
2020-09-24 09:34:24.568  INFO 14512 --- [restartedMain] trationDelegate$BeanPostProcessorChecker : Bean 'sysRolePermissionMapper' of type [org.mybatis.spring.mapper.MapperFactoryBean] is not eligible for getting processed by all BeanPostProcessors (for example: not eligible for auto-proxying)
2020-09-24 09:34:24.568  INFO 14512 --- [restartedMain] trationDelegate$BeanPostProcessorChecker : Bean 'sysRolePermissionMapper' of type [com.sun.proxy.$Proxy71] is not eligible for getting processed by all BeanPostProcessors (for example: not eligible for auto-proxying)
2020-09-24 09:34:24.568  INFO 14512 --- [restartedMain] trationDelegate$BeanPostProcessorChecker : Bean 'rolePermissionServiceImpl' of type [com.wx.xybb.service.impl.RolePermissionServiceImpl] is not eligible for getting processed by all BeanPostProcessors (for example: not eligible for auto-proxying)
2020-09-24 09:34:24.578  INFO 14512 --- [restartedMain] trationDelegate$BeanPostProcessorChecker : Bean 'sysPermissionMapper' of type [org.mybatis.spring.mapper.MapperFactoryBean] is not eligible for getting processed by all BeanPostProcessors (for example: not eligible for auto-proxying)
2020-09-24 09:34:24.578  INFO 14512 --- [restartedMain] trationDelegate$BeanPostProcessorChecker : Bean 'sysPermissionMapper' of type [com.sun.proxy.$Proxy72] is not eligible for getting processed by all BeanPostProcessors (for example: not eligible for auto-proxying)
2020-09-24 09:34:24.578  INFO 14512 --- [restartedMain] trationDelegate$BeanPostProcessorChecker : Bean 'sysUserRoleMapper' of type [org.mybatis.spring.mapper.MapperFactoryBean] is not eligible for getting processed by all BeanPostProcessors (for example: not eligible for auto-proxying)
2020-09-24 09:34:24.578  INFO 14512 --- [restartedMain] trationDelegate$BeanPostProcessorChecker : Bean 'sysUserRoleMapper' of type [com.sun.proxy.$Proxy73] is not eligible for getting processed by all BeanPostProcessors (for example: not eligible for auto-proxying)
2020-09-24 09:34:24.588  INFO 14512 --- [restartedMain] trationDelegate$BeanPostProcessorChecker : Bean 'userRoleServiceImpl' of type [com.wx.xybb.service.impl.UserRoleServiceImpl] is not eligible for getting processed by all BeanPostProcessors (for example: not eligible for auto-proxying)
2020-09-24 09:34:24.588  INFO 14512 --- [restartedMain] trationDelegate$BeanPostProcessorChecker : Bean 'tokenSettings' of type [com.wx.xybb.utils.TokenSettings] is not eligible for getting processed by all BeanPostProcessors (for example: not eligible for auto-proxying)
2020-09-24 09:34:24.588  INFO 14512 --- [restartedMain] trationDelegate$BeanPostProcessorChecker : Bean 'permissionServiceImpl' of type [com.wx.xybb.service.impl.PermissionServiceImpl] is not eligible for getting processed by all BeanPostProcessors (for example: not eligible for auto-proxying)
2020-09-24 09:34:24.598  INFO 14512 --- [restartedMain] trationDelegate$BeanPostProcessorChecker : Bean 'roleServiceImpl' of type [com.wx.xybb.service.impl.RoleServiceImpl] is not eligible for getting processed by all BeanPostProcessors (for example: not eligible for auto-proxying)
2020-09-24 09:34:24.598  INFO 14512 --- [restartedMain] trationDelegate$BeanPostProcessorChecker : Bean 'customRealm' of type [com.wx.xybb.shiro.CustomRealm] is not eligible for getting processed by all BeanPostProcessors (for example: not eligible for auto-proxying)
2020-09-24 09:34:24.598  INFO 14512 --- [restartedMain] trationDelegate$BeanPostProcessorChecker : Bean 'securityManager' of type [org.apache.shiro.web.mgt.DefaultWebSecurityManager] is not eligible for getting processed by all BeanPostProcessors (for example: not eligible for auto-proxying)
2020-09-24 09:34:24.648  INFO 14512 --- [restartedMain] trationDelegate$BeanPostProcessorChecker : Bean 'authorizationAttributeSourceAdvisor' of type [org.apache.shiro.spring.security.interceptor.AuthorizationAttributeSourceAdvisor] is not eligible for getting processed by all BeanPostProcessors (for example: not eligible for auto-proxying)
2020-09-24 09:34:24.718  INFO 14512 --- [restartedMain] trationDelegate$BeanPostProcessorChecker : Bean 'org.springframework.transaction.annotation.ProxyTransactionManagementConfiguration' of type [org.springframework.transaction.annotation.ProxyTransactionManagementConfiguration$$EnhancerBySpringCGLIB$$8c06ede0] is not eligible for getting processed by all BeanPostProcessors (for example: not eligible for auto-proxying)
2020-09-24 09:34:25.338  INFO 14512 --- [restartedMain] o.s.b.w.embedded.tomcat.TomcatWebServer  : Tomcat initialized with port(s): 8080 (http)
2020-09-24 09:34:25.368  INFO 14512 --- [restartedMain] o.apache.catalina.core.StandardService   : Starting service [Tomcat]
2020-09-24 09:34:25.368  INFO 14512 --- [restartedMain] org.apache.catalina.core.StandardEngine  : Starting Servlet engine: [Apache Tomcat/9.0.21]
2020-09-24 09:34:25.528  INFO 14512 --- [restartedMain] o.a.c.c.C.[Tomcat].[localhost].[/]       : Initializing Spring embedded WebApplicationContext
2020-09-24 09:34:25.528  INFO 14512 --- [restartedMain] o.s.web.context.ContextLoader            : Root WebApplicationContext: initialization completed in 9180 ms
2020-09-24 09:34:26.698  INFO 14512 --- [restartedMain] pertySourcedRequestMappingHandlerMapping : Mapped URL path [/v2/api-docs] onto method [public org.springframework.http.ResponseEntity<springfox.documentation.spring.web.json.Json> springfox.documentation.swagger2.web.Swagger2Controller.getDocumentation(java.lang.String,javax.servlet.http.HttpServletRequest)]
2020-09-24 09:34:27.008  INFO 14512 --- [restartedMain] o.s.s.concurrent.ThreadPoolTaskExecutor  : Initializing ExecutorService 'applicationTaskExecutor'
2020-09-24 09:34:27.108  INFO 14512 --- [restartedMain] o.s.b.d.a.OptionalLiveReloadServer       : LiveReload server is running on port 35729
2020-09-24 09:34:27.718  INFO 14512 --- [restartedMain] o.s.s.c.ThreadPoolTaskScheduler          : Initializing ExecutorService 'taskScheduler'
2020-09-24 09:34:27.959  INFO 14512 --- [restartedMain] d.s.w.p.DocumentationPluginsBootstrapper : Context refreshed
2020-09-24 09:34:27.985  INFO 14512 --- [restartedMain] d.s.w.p.DocumentationPluginsBootstrapper : Found 1 custom documentation plugin(s)
2020-09-24 09:34:27.985  INFO 14512 --- [restartedMain] d.s.w.p.DocumentationPluginsBootstrapper : Skipping initializing disabled plugin bean swagger v2.0
2020-09-24 09:34:28.033  INFO 14512 --- [restartedMain] o.s.b.w.embedded.tomcat.TomcatWebServer  : Tomcat started on port(s): 8080 (http) with context path ''
2020-09-24 09:34:28.036  INFO 14512 --- [restartedMain] com.wx.xybb.CompanyFrameApplication      : Started CompanyFrameApplication in 12.408 seconds (JVM running for 14.755)
2020-09-24 09:35:54.765  INFO 14512 --- [http-nio-8080-exec-1] o.a.c.c.C.[Tomcat].[localhost].[/]       : Initializing Spring DispatcherServlet 'dispatcherServlet'
2020-09-24 09:35:54.781  INFO 14512 --- [http-nio-8080-exec-1] o.s.web.servlet.DispatcherServlet        : Initializing Servlet 'dispatcherServlet'
2020-09-24 09:35:54.949  INFO 14512 --- [http-nio-8080-exec-1] o.s.web.servlet.DispatcherServlet        : Completed initialization in 168 ms
2020-09-24 09:35:55.310 DEBUG 14512 --- [http-nio-8080-exec-1] c.w.x.m.WxConfigMapper.selectNotice      : ==>  Preparing: select config_id, config_name, config_value, config_explain from wx_config where config_id = 5 
2020-09-24 09:35:55.310 DEBUG 14512 --- [http-nio-8080-exec-2] c.w.x.m.WxBannerMapper.selectAllBanner   : ==>  Preparing: select id, imgurl, type, url, time from wx_banner 
2020-09-24 09:35:55.504 DEBUG 14512 --- [http-nio-8080-exec-2] c.w.x.m.WxBannerMapper.selectAllBanner   : ==> Parameters: 
2020-09-24 09:35:55.505 DEBUG 14512 --- [http-nio-8080-exec-1] c.w.x.m.WxConfigMapper.selectNotice      : ==> Parameters: 
2020-09-24 09:35:55.619 DEBUG 14512 --- [http-nio-8080-exec-1] c.w.x.m.WxConfigMapper.selectNotice      : <==      Total: 1
2020-09-24 09:35:55.620 DEBUG 14512 --- [http-nio-8080-exec-2] c.w.x.m.WxBannerMapper.selectAllBanner   : <==      Total: 2
2020-09-24 09:36:16.152 DEBUG 14512 --- [http-nio-8080-exec-5] c.w.x.m.WxConfigMapper.selectNotice      : ==>  Preparing: select config_id, config_name, config_value, config_explain from wx_config where config_id = 5 
2020-09-24 09:36:16.154 DEBUG 14512 --- [http-nio-8080-exec-5] c.w.x.m.WxConfigMapper.selectNotice      : ==> Parameters: 
2020-09-24 09:36:16.208 DEBUG 14512 --- [http-nio-8080-exec-5] c.w.x.m.WxConfigMapper.selectNotice      : <==      Total: 1
2020-09-24 09:36:16.213 DEBUG 14512 --- [http-nio-8080-exec-6] c.w.x.m.WxBannerMapper.selectAllBanner   : ==>  Preparing: select id, imgurl, type, url, time from wx_banner 
2020-09-24 09:36:16.214 DEBUG 14512 --- [http-nio-8080-exec-6] c.w.x.m.WxBannerMapper.selectAllBanner   : ==> Parameters: 
2020-09-24 09:36:16.290 DEBUG 14512 --- [http-nio-8080-exec-6] c.w.x.m.WxBannerMapper.selectAllBanner   : <==      Total: 2
2020-09-24 09:36:48.205 DEBUG 14512 --- [http-nio-8080-exec-9] c.w.xybb.mapper.WxUserMapper.selectById  : ==>  Preparing: select id, openid, unionid, `name`, student_id, nickname, avatarurl, gender,course_push, message_push, `time` from wx_user where student_id = ? 
2020-09-24 09:36:48.209 DEBUG 14512 --- [http-nio-8080-exec-9] c.w.xybb.mapper.WxUserMapper.selectById  : ==> Parameters: 201731900083(String)
2020-09-24 09:36:48.283 DEBUG 14512 --- [http-nio-8080-exec-9] c.w.xybb.mapper.WxUserMapper.selectById  : <==      Total: 1
2020-09-24 09:36:54.276  INFO 14512 --- [http-nio-8080-exec-1] c.w.x.shiro.CustomAccessControlerFilter  : POST
2020-09-24 09:36:54.278  INFO 14512 --- [http-nio-8080-exec-1] c.w.x.shiro.CustomAccessControlerFilter  : http://localhost:8080/wx/getMyCourseByWX
2020-09-24 09:36:54.477  INFO 14512 --- [http-nio-8080-exec-2] c.w.x.shiro.CustomAccessControlerFilter  : GET
2020-09-24 09:36:54.478  INFO 14512 --- [http-nio-8080-exec-2] c.w.x.shiro.CustomAccessControlerFilter  : http://localhost:8080/wx/isRubLesson
2020-09-24 09:36:54.770  INFO 14512 --- [http-nio-8080-exec-1] io.lettuce.core.EpollProvider            : Starting without optional epoll library
2020-09-24 09:36:54.773  INFO 14512 --- [http-nio-8080-exec-1] io.lettuce.core.KqueueProvider           : Starting without optional kqueue library
2020-09-24 09:36:56.658 DEBUG 14512 --- [http-nio-8080-exec-2] c.w.x.m.W.selectById                     : ==>  Preparing: select rub_lesson from wx_school_timetable where student_id = ? LIMIT 1 
2020-09-24 09:36:56.661 DEBUG 14512 --- [http-nio-8080-exec-2] c.w.x.m.W.selectById                     : ==> Parameters: 201731900083(String)
2020-09-24 09:36:56.741 DEBUG 14512 --- [http-nio-8080-exec-2] c.w.x.m.W.selectById                     : <==      Total: 1
2020-09-24 09:36:56.825 DEBUG 14512 --- [http-nio-8080-exec-1] c.w.x.m.W.selectByPrimaryKey             : ==>  Preparing: select id, timetable, `name`, student_id, rub_lesson, `time` from wx_school_timetable where student_id = ? 
2020-09-24 09:36:56.827 DEBUG 14512 --- [http-nio-8080-exec-1] c.w.x.m.W.selectByPrimaryKey             : ==> Parameters: 201731900083(String)
2020-09-24 09:36:56.901 DEBUG 14512 --- [http-nio-8080-exec-1] c.w.x.m.W.selectByPrimaryKey             : <==      Total: 1
2020-09-24 09:36:56.947 DEBUG 14512 --- [http-nio-8080-exec-1] c.w.x.m.W.updateByPrimaryKeySelective    : ==>  Preparing: update wx_school_timetable SET timetable = ?, `name` = ?, `time` = ? where student_id = ? 
2020-09-24 09:36:56.961 DEBUG 14512 --- [http-nio-8080-exec-1] c.w.x.m.W.updateByPrimaryKeySelective    : ==> Parameters: {"openData":"2020/08/24","name":"赵凯","otherCourse":[{"courseName":"暂时没有实践课程"}],"course":[{"courseAllWeeks":[3,4,5,6,7,8,9,10],"courseColor":"#85B8CF","courseDay":3,"courseLength":2,"courseLesson":"1-2节","courseName":"领导科学与艺术","coursePlace":"14-0460","courseStart":1,"courseTeacher":"王景平","courseTime":"3-10周","courseType":"考查"},{"courseAllWeeks":[3,4,5,6,7,8,9,10],"courseColor":"#85B8CF","courseDay":4,"courseLength":2,"courseLesson":"1-2节","courseName":"领导科学与艺术","coursePlace":"14-0460","courseStart":1,"courseTeacher":"王景平","courseTime":"3-10周","courseType":"考查"},{"courseAllWeeks":[3,4,5,6,7,8,9,10],"courseColor":"#90C652","courseDay":4,"courseLength":2,"courseLesson":"6-7节","courseName":"管理沟通","coursePlace":"14-0356","courseStart":6,"courseTeacher":"李朝辉","courseTime":"3-10周","courseType":"考查"},{"courseAllWeeks":[3,4,5,6,7,8,9,10],"courseColor":"#90C652","courseDay":5,"courseLength":2,"courseLesson":"3-4节","courseName":"管理沟通","coursePlace":"14-0356","courseStart":3,"courseTeacher":"李朝辉","courseTime":"3-10周","courseType":"考查"}]}(String), 赵凯(String), 2020-09-24 09:36:56.824(Timestamp), 201731900083(String)
2020-09-24 09:36:57.106 DEBUG 14512 --- [http-nio-8080-exec-1] c.w.x.m.W.updateByPrimaryKeySelective    : <==    Updates: 1
2020-09-24 09:37:01.702  INFO 14512 --- [http-nio-8080-exec-3] c.w.x.shiro.CustomAccessControlerFilter  : GET
2020-09-24 09:37:01.702  INFO 14512 --- [http-nio-8080-exec-3] c.w.x.shiro.CustomAccessControlerFilter  : http://localhost:8080/wx/setRubLesson
2020-09-24 09:37:01.807 DEBUG 14512 --- [http-nio-8080-exec-3] c.w.x.m.W.updateByPrimaryKeySelective    : ==>  Preparing: update wx_school_timetable SET rub_lesson = ? where student_id = ? 
2020-09-24 09:37:01.812 DEBUG 14512 --- [http-nio-8080-exec-3] c.w.x.m.W.updateByPrimaryKeySelective    : ==> Parameters: 0(Integer), 201731900083(String)
2020-09-24 09:37:02.026 DEBUG 14512 --- [http-nio-8080-exec-3] c.w.x.m.W.updateByPrimaryKeySelective    : <==    Updates: 1
2020-09-24 09:37:19.680  INFO 14512 --- [http-nio-8080-exec-6] c.w.x.shiro.CustomAccessControlerFilter  : GET
2020-09-24 09:37:19.681  INFO 14512 --- [http-nio-8080-exec-6] c.w.x.shiro.CustomAccessControlerFilter  : http://localhost:8080/wx/loginout
2020-09-24 09:37:19.765  INFO 14512 --- [http-nio-8080-exec-6] c.w.x.service.impl.WxLoginServiceImpl    : subject.getPrincipals()=eyJ0eXAiOiJKV1QiLCJhbGciOiJIUzI1NiJ9.eyJzdWIiOiJkMzJlNTZiYy0yZDk3LTQyYzUtYjBjZS1jNWVhYmRiZjJjMjQiLCJqd3Rfd3hfb3BlbmlkXyI6Im9wMElMNDRaRF9jWlVfRXM2eDdWM1RNUzY2aHciLCJqd3Rfd3hfbWFya18iOiIwIiwiand0X3d4X3Bhc3N3b3JkXyI6ImsxNTg2Mzc2NzAyNyIsImlzcyI6InpoYW9zaTE5OTgiLCJleHAiOjE2MDM1MDM0MDgsImlhdCI6MTYwMDkxMTQwOCwiand0X3d4X3N0dWRlbnRpZF8iOiIyMDE3MzE5MDAwODMifQ.WMH5rpKr4nxDN17hX-1JBatZlGVXa3BGp_Dll--gcqc
2020-09-24 09:37:19.767  INFO 14512 --- [http-nio-8080-exec-6] com.wx.xybb.shiro.RedisCache             : remove key [eyJ0eXAiOiJKV1QiLCJhbGciOiJIUzI1NiJ9.eyJzdWIiOiJkMzJlNTZiYy0yZDk3LTQyYzUtYjBjZS1jNWVhYmRiZjJjMjQiLCJqd3Rfd3hfb3BlbmlkXyI6Im9wMElMNDRaRF9jWlVfRXM2eDdWM1RNUzY2aHciLCJqd3Rfd3hfbWFya18iOiIwIiwiand0X3d4X3Bhc3N3b3JkXyI6ImsxNTg2Mzc2NzAyNyIsImlzcyI6InpoYW9zaTE5OTgiLCJleHAiOjE2MDM1MDM0MDgsImlhdCI6MTYwMDkxMTQwOCwiand0X3d4X3N0dWRlbnRpZF8iOiIyMDE3MzE5MDAwODMifQ.WMH5rpKr4nxDN17hX-1JBatZlGVXa3BGp_Dll--gcqc]
2020-09-24 09:37:20.035 DEBUG 14512 --- [http-nio-8080-exec-6] c.w.x.m.W.updateByPrimaryKeySelective    : ==>  Preparing: update wx_user SET message_push = ? where student_id = ? 
2020-09-24 09:37:20.036 DEBUG 14512 --- [http-nio-8080-exec-6] c.w.x.m.W.updateByPrimaryKeySelective    : ==> Parameters: 2(Integer), 201731900083(String)
2020-09-24 09:37:20.182 DEBUG 14512 --- [http-nio-8080-exec-6] c.w.x.m.W.updateByPrimaryKeySelective    : <==    Updates: 1
2020-09-24 09:37:20.184 DEBUG 14512 --- [http-nio-8080-exec-6] c.w.x.m.W.updateByPrimaryKeySelective    : ==>  Preparing: update wx_school_timetable SET rub_lesson = ? where student_id = ? 
2020-09-24 09:37:20.184 DEBUG 14512 --- [http-nio-8080-exec-6] c.w.x.m.W.updateByPrimaryKeySelective    : ==> Parameters: 1(Integer), 201731900083(String)
2020-09-24 09:37:20.359 DEBUG 14512 --- [http-nio-8080-exec-6] c.w.x.m.W.updateByPrimaryKeySelective    : <==    Updates: 1
2020-09-24 09:37:22.335 DEBUG 14512 --- [http-nio-8080-exec-7] c.w.x.m.WxConfigMapper.selectNotice      : ==>  Preparing: select config_id, config_name, config_value, config_explain from wx_config where config_id = 5 
2020-09-24 09:37:22.336 DEBUG 14512 --- [http-nio-8080-exec-7] c.w.x.m.WxConfigMapper.selectNotice      : ==> Parameters: 
2020-09-24 09:37:22.386 DEBUG 14512 --- [http-nio-8080-exec-7] c.w.x.m.WxConfigMapper.selectNotice      : <==      Total: 1
2020-09-24 09:37:22.404 DEBUG 14512 --- [http-nio-8080-exec-9] c.w.x.m.WxBannerMapper.selectAllBanner   : ==>  Preparing: select id, imgurl, type, url, time from wx_banner 
2020-09-24 09:37:22.406 DEBUG 14512 --- [http-nio-8080-exec-9] c.w.x.m.WxBannerMapper.selectAllBanner   : ==> Parameters: 
2020-09-24 09:37:22.492 DEBUG 14512 --- [http-nio-8080-exec-9] c.w.x.m.WxBannerMapper.selectAllBanner   : <==      Total: 2
2020-09-24 09:59:01.343  INFO 10148 --- [restartedMain] com.wx.xybb.CompanyFrameApplication      : Starting CompanyFrameApplication on small-kai with PID 10148 (D:\xybb_background\target\classes started by 小凯 in D:\xybb_background)
2020-09-24 09:59:01.347  INFO 10148 --- [restartedMain] com.wx.xybb.CompanyFrameApplication      : No active profile set, falling back to default profiles: default
2020-09-24 09:59:01.427  INFO 10148 --- [restartedMain] .e.DevToolsPropertyDefaultsPostProcessor : Devtools property defaults active! Set 'spring.devtools.add-properties' to 'false' to disable
2020-09-24 09:59:01.428  INFO 10148 --- [restartedMain] .e.DevToolsPropertyDefaultsPostProcessor : For additional web related logging consider setting the 'logging.level.web' property to 'DEBUG'
2020-09-24 09:59:03.241  INFO 10148 --- [restartedMain] .s.d.r.c.RepositoryConfigurationDelegate : Multiple Spring Data modules found, entering strict repository configuration mode!
2020-09-24 09:59:03.241  INFO 10148 --- [restartedMain] .s.d.r.c.RepositoryConfigurationDelegate : Bootstrapping Spring Data repositories in DEFAULT mode.
2020-09-24 09:59:03.311  INFO 10148 --- [restartedMain] .s.d.r.c.RepositoryConfigurationDelegate : Finished Spring Data repository scanning in 50ms. Found 0 repository interfaces.
2020-09-24 09:59:03.699  INFO 10148 --- [restartedMain] trationDelegate$BeanPostProcessorChecker : Bean 'shiroConfig' of type [com.wx.xybb.config.ShiroConfig$$EnhancerBySpringCGLIB$$f8c94f83] is not eligible for getting processed by all BeanPostProcessors (for example: not eligible for auto-proxying)
2020-09-24 09:59:04.287  INFO 10148 --- [restartedMain] trationDelegate$BeanPostProcessorChecker : Bean 'redisConfig' of type [com.wx.xybb.config.RedisConfig$$EnhancerBySpringCGLIB$$4397d6cd] is not eligible for getting processed by all BeanPostProcessors (for example: not eligible for auto-proxying)
2020-09-24 09:59:04.314  INFO 10148 --- [restartedMain] trationDelegate$BeanPostProcessorChecker : Bean 'spring.redis-org.springframework.boot.autoconfigure.data.redis.RedisProperties' of type [org.springframework.boot.autoconfigure.data.redis.RedisProperties] is not eligible for getting processed by all BeanPostProcessors (for example: not eligible for auto-proxying)
2020-09-24 09:59:04.319  INFO 10148 --- [restartedMain] trationDelegate$BeanPostProcessorChecker : Bean 'org.springframework.boot.autoconfigure.data.redis.LettuceConnectionConfiguration' of type [org.springframework.boot.autoconfigure.data.redis.LettuceConnectionConfiguration$$EnhancerBySpringCGLIB$$46245b94] is not eligible for getting processed by all BeanPostProcessors (for example: not eligible for auto-proxying)
2020-09-24 09:59:04.409  INFO 10148 --- [restartedMain] trationDelegate$BeanPostProcessorChecker : Bean 'lettuceClientResources' of type [io.lettuce.core.resource.DefaultClientResources] is not eligible for getting processed by all BeanPostProcessors (for example: not eligible for auto-proxying)
2020-09-24 09:59:04.497  INFO 10148 --- [restartedMain] trationDelegate$BeanPostProcessorChecker : Bean 'redisConnectionFactory' of type [org.springframework.data.redis.connection.lettuce.LettuceConnectionFactory] is not eligible for getting processed by all BeanPostProcessors (for example: not eligible for auto-proxying)
2020-09-24 09:59:04.512  INFO 10148 --- [restartedMain] trationDelegate$BeanPostProcessorChecker : Bean 'redisTemplate' of type [org.springframework.data.redis.core.RedisTemplate] is not eligible for getting processed by all BeanPostProcessors (for example: not eligible for auto-proxying)
2020-09-24 09:59:04.513  INFO 10148 --- [restartedMain] trationDelegate$BeanPostProcessorChecker : Bean 'redisService' of type [com.wx.xybb.service.RedisService] is not eligible for getting processed by all BeanPostProcessors (for example: not eligible for auto-proxying)
2020-09-24 09:59:04.514  INFO 10148 --- [restartedMain] trationDelegate$BeanPostProcessorChecker : Bean 'customHashedCredentialsMatcher' of type [com.wx.xybb.shiro.CustomHashedCredentialsMatcher] is not eligible for getting processed by all BeanPostProcessors (for example: not eligible for auto-proxying)
2020-09-24 09:59:04.518  INFO 10148 --- [restartedMain] trationDelegate$BeanPostProcessorChecker : Bean 'redisCacheManager' of type [com.wx.xybb.shiro.RedisCacheManager] is not eligible for getting processed by all BeanPostProcessors (for example: not eligible for auto-proxying)
2020-09-24 09:59:04.550  INFO 10148 --- [restartedMain] trationDelegate$BeanPostProcessorChecker : Bean 'mybatis-org.mybatis.spring.boot.autoconfigure.MybatisProperties' of type [org.mybatis.spring.boot.autoconfigure.MybatisProperties] is not eligible for getting processed by all BeanPostProcessors (for example: not eligible for auto-proxying)
2020-09-24 09:59:04.557  INFO 10148 --- [restartedMain] trationDelegate$BeanPostProcessorChecker : Bean 'org.mybatis.spring.boot.autoconfigure.MybatisAutoConfiguration' of type [org.mybatis.spring.boot.autoconfigure.MybatisAutoConfiguration$$EnhancerBySpringCGLIB$$63deee7a] is not eligible for getting processed by all BeanPostProcessors (for example: not eligible for auto-proxying)
2020-09-24 09:59:04.561  INFO 10148 --- [restartedMain] trationDelegate$BeanPostProcessorChecker : Bean 'com.alibaba.druid.spring.boot.autoconfigure.DruidDataSourceAutoConfigure' of type [com.alibaba.druid.spring.boot.autoconfigure.DruidDataSourceAutoConfigure$$EnhancerBySpringCGLIB$$4ab692bc] is not eligible for getting processed by all BeanPostProcessors (for example: not eligible for auto-proxying)
2020-09-24 09:59:04.564  INFO 10148 --- [restartedMain] c.a.d.s.b.a.DruidDataSourceAutoConfigure : Init DruidDataSource
2020-09-24 09:59:04.826  INFO 10148 --- [restartedMain] trationDelegate$BeanPostProcessorChecker : Bean 'spring.datasource-org.springframework.boot.autoconfigure.jdbc.DataSourceProperties' of type [org.springframework.boot.autoconfigure.jdbc.DataSourceProperties] is not eligible for getting processed by all BeanPostProcessors (for example: not eligible for auto-proxying)
2020-09-24 09:59:04.838  INFO 10148 --- [restartedMain] trationDelegate$BeanPostProcessorChecker : Bean 'com.alibaba.druid.spring.boot.autoconfigure.stat.DruidFilterConfiguration' of type [com.alibaba.druid.spring.boot.autoconfigure.stat.DruidFilterConfiguration] is not eligible for getting processed by all BeanPostProcessors (for example: not eligible for auto-proxying)
2020-09-24 09:59:04.874  INFO 10148 --- [restartedMain] trationDelegate$BeanPostProcessorChecker : Bean 'statFilter' of type [com.alibaba.druid.filter.stat.StatFilter] is not eligible for getting processed by all BeanPostProcessors (for example: not eligible for auto-proxying)
2020-09-24 09:59:09.322  INFO 10148 --- [restartedMain] com.alibaba.druid.pool.DruidDataSource   : {dataSource-1} inited
2020-09-24 09:59:09.323  INFO 10148 --- [restartedMain] trationDelegate$BeanPostProcessorChecker : Bean 'dataSource' of type [com.alibaba.druid.spring.boot.autoconfigure.DruidDataSourceWrapper] is not eligible for getting processed by all BeanPostProcessors (for example: not eligible for auto-proxying)
2020-09-24 09:59:09.758  INFO 10148 --- [restartedMain] trationDelegate$BeanPostProcessorChecker : Bean 'sqlSessionFactory' of type [org.apache.ibatis.session.defaults.DefaultSqlSessionFactory] is not eligible for getting processed by all BeanPostProcessors (for example: not eligible for auto-proxying)
2020-09-24 09:59:09.763  INFO 10148 --- [restartedMain] trationDelegate$BeanPostProcessorChecker : Bean 'sqlSessionTemplate' of type [org.mybatis.spring.SqlSessionTemplate] is not eligible for getting processed by all BeanPostProcessors (for example: not eligible for auto-proxying)
2020-09-24 09:59:09.765  INFO 10148 --- [restartedMain] trationDelegate$BeanPostProcessorChecker : Bean 'sysRoleMapper' of type [org.mybatis.spring.mapper.MapperFactoryBean] is not eligible for getting processed by all BeanPostProcessors (for example: not eligible for auto-proxying)
2020-09-24 09:59:09.766  INFO 10148 --- [restartedMain] trationDelegate$BeanPostProcessorChecker : Bean 'sysRoleMapper' of type [com.sun.proxy.$Proxy70] is not eligible for getting processed by all BeanPostProcessors (for example: not eligible for auto-proxying)
2020-09-24 09:59:09.771  INFO 10148 --- [restartedMain] trationDelegate$BeanPostProcessorChecker : Bean 'sysRolePermissionMapper' of type [org.mybatis.spring.mapper.MapperFactoryBean] is not eligible for getting processed by all BeanPostProcessors (for example: not eligible for auto-proxying)
2020-09-24 09:59:09.772  INFO 10148 --- [restartedMain] trationDelegate$BeanPostProcessorChecker : Bean 'sysRolePermissionMapper' of type [com.sun.proxy.$Proxy71] is not eligible for getting processed by all BeanPostProcessors (for example: not eligible for auto-proxying)
2020-09-24 09:59:09.773  INFO 10148 --- [restartedMain] trationDelegate$BeanPostProcessorChecker : Bean 'rolePermissionServiceImpl' of type [com.wx.xybb.service.impl.RolePermissionServiceImpl] is not eligible for getting processed by all BeanPostProcessors (for example: not eligible for auto-proxying)
2020-09-24 09:59:09.779  INFO 10148 --- [restartedMain] trationDelegate$BeanPostProcessorChecker : Bean 'sysPermissionMapper' of type [org.mybatis.spring.mapper.MapperFactoryBean] is not eligible for getting processed by all BeanPostProcessors (for example: not eligible for auto-proxying)
2020-09-24 09:59:09.781  INFO 10148 --- [restartedMain] trationDelegate$BeanPostProcessorChecker : Bean 'sysPermissionMapper' of type [com.sun.proxy.$Proxy72] is not eligible for getting processed by all BeanPostProcessors (for example: not eligible for auto-proxying)
2020-09-24 09:59:09.787  INFO 10148 --- [restartedMain] trationDelegate$BeanPostProcessorChecker : Bean 'sysUserRoleMapper' of type [org.mybatis.spring.mapper.MapperFactoryBean] is not eligible for getting processed by all BeanPostProcessors (for example: not eligible for auto-proxying)
2020-09-24 09:59:09.788  INFO 10148 --- [restartedMain] trationDelegate$BeanPostProcessorChecker : Bean 'sysUserRoleMapper' of type [com.sun.proxy.$Proxy73] is not eligible for getting processed by all BeanPostProcessors (for example: not eligible for auto-proxying)
2020-09-24 09:59:09.789  INFO 10148 --- [restartedMain] trationDelegate$BeanPostProcessorChecker : Bean 'userRoleServiceImpl' of type [com.wx.xybb.service.impl.UserRoleServiceImpl] is not eligible for getting processed by all BeanPostProcessors (for example: not eligible for auto-proxying)
2020-09-24 09:59:09.793  INFO 10148 --- [restartedMain] trationDelegate$BeanPostProcessorChecker : Bean 'tokenSettings' of type [com.wx.xybb.utils.TokenSettings] is not eligible for getting processed by all BeanPostProcessors (for example: not eligible for auto-proxying)
2020-09-24 09:59:09.794  INFO 10148 --- [restartedMain] trationDelegate$BeanPostProcessorChecker : Bean 'permissionServiceImpl' of type [com.wx.xybb.service.impl.PermissionServiceImpl] is not eligible for getting processed by all BeanPostProcessors (for example: not eligible for auto-proxying)
2020-09-24 09:59:09.796  INFO 10148 --- [restartedMain] trationDelegate$BeanPostProcessorChecker : Bean 'roleServiceImpl' of type [com.wx.xybb.service.impl.RoleServiceImpl] is not eligible for getting processed by all BeanPostProcessors (for example: not eligible for auto-proxying)
2020-09-24 09:59:09.798  INFO 10148 --- [restartedMain] trationDelegate$BeanPostProcessorChecker : Bean 'customRealm' of type [com.wx.xybb.shiro.CustomRealm] is not eligible for getting processed by all BeanPostProcessors (for example: not eligible for auto-proxying)
2020-09-24 09:59:09.803  INFO 10148 --- [restartedMain] trationDelegate$BeanPostProcessorChecker : Bean 'securityManager' of type [org.apache.shiro.web.mgt.DefaultWebSecurityManager] is not eligible for getting processed by all BeanPostProcessors (for example: not eligible for auto-proxying)
2020-09-24 09:59:09.866  INFO 10148 --- [restartedMain] trationDelegate$BeanPostProcessorChecker : Bean 'authorizationAttributeSourceAdvisor' of type [org.apache.shiro.spring.security.interceptor.AuthorizationAttributeSourceAdvisor] is not eligible for getting processed by all BeanPostProcessors (for example: not eligible for auto-proxying)
2020-09-24 09:59:09.919  INFO 10148 --- [restartedMain] trationDelegate$BeanPostProcessorChecker : Bean 'org.springframework.transaction.annotation.ProxyTransactionManagementConfiguration' of type [org.springframework.transaction.annotation.ProxyTransactionManagementConfiguration$$EnhancerBySpringCGLIB$$310a9d4a] is not eligible for getting processed by all BeanPostProcessors (for example: not eligible for auto-proxying)
2020-09-24 09:59:10.539  INFO 10148 --- [restartedMain] o.s.b.w.embedded.tomcat.TomcatWebServer  : Tomcat initialized with port(s): 8080 (http)
2020-09-24 09:59:10.569  INFO 10148 --- [restartedMain] o.apache.catalina.core.StandardService   : Starting service [Tomcat]
2020-09-24 09:59:10.569  INFO 10148 --- [restartedMain] org.apache.catalina.core.StandardEngine  : Starting Servlet engine: [Apache Tomcat/9.0.21]
2020-09-24 09:59:10.739  INFO 10148 --- [restartedMain] o.a.c.c.C.[Tomcat].[localhost].[/]       : Initializing Spring embedded WebApplicationContext
2020-09-24 09:59:10.739  INFO 10148 --- [restartedMain] o.s.web.context.ContextLoader            : Root WebApplicationContext: initialization completed in 9311 ms
2020-09-24 09:59:11.878  INFO 10148 --- [restartedMain] pertySourcedRequestMappingHandlerMapping : Mapped URL path [/v2/api-docs] onto method [public org.springframework.http.ResponseEntity<springfox.documentation.spring.web.json.Json> springfox.documentation.swagger2.web.Swagger2Controller.getDocumentation(java.lang.String,javax.servlet.http.HttpServletRequest)]
2020-09-24 09:59:12.218  INFO 10148 --- [restartedMain] o.s.s.concurrent.ThreadPoolTaskExecutor  : Initializing ExecutorService 'applicationTaskExecutor'
2020-09-24 09:59:12.378  INFO 10148 --- [restartedMain] o.s.b.d.a.OptionalLiveReloadServer       : LiveReload server is running on port 35729
2020-09-24 09:59:13.553  INFO 10148 --- [restartedMain] o.s.s.c.ThreadPoolTaskScheduler          : Initializing ExecutorService 'taskScheduler'
2020-09-24 09:59:13.781  INFO 10148 --- [restartedMain] d.s.w.p.DocumentationPluginsBootstrapper : Context refreshed
2020-09-24 09:59:13.808  INFO 10148 --- [restartedMain] d.s.w.p.DocumentationPluginsBootstrapper : Found 1 custom documentation plugin(s)
2020-09-24 09:59:13.809  INFO 10148 --- [restartedMain] d.s.w.p.DocumentationPluginsBootstrapper : Skipping initializing disabled plugin bean swagger v2.0
2020-09-24 09:59:13.855  INFO 10148 --- [restartedMain] o.s.b.w.embedded.tomcat.TomcatWebServer  : Tomcat started on port(s): 8080 (http) with context path ''
2020-09-24 09:59:13.858  INFO 10148 --- [restartedMain] com.wx.xybb.CompanyFrameApplication      : Started CompanyFrameApplication in 13.259 seconds (JVM running for 15.713)
2020-09-24 09:59:46.891  INFO 10148 --- [http-nio-8080-exec-1] o.a.c.c.C.[Tomcat].[localhost].[/]       : Initializing Spring DispatcherServlet 'dispatcherServlet'
2020-09-24 09:59:46.892  INFO 10148 --- [http-nio-8080-exec-1] o.s.web.servlet.DispatcherServlet        : Initializing Servlet 'dispatcherServlet'
2020-09-24 09:59:46.995  INFO 10148 --- [http-nio-8080-exec-1] o.s.web.servlet.DispatcherServlet        : Completed initialization in 103 ms
2020-09-24 09:59:47.164 DEBUG 10148 --- [http-nio-8080-exec-2] c.w.x.m.WxConfigMapper.selectNotice      : ==>  Preparing: select config_id, config_name, config_value, config_explain from wx_config where config_id = 5 
2020-09-24 09:59:47.164 DEBUG 10148 --- [http-nio-8080-exec-1] c.w.x.m.WxBannerMapper.selectAllBanner   : ==>  Preparing: select id, imgurl, type, url, time from wx_banner 
2020-09-24 09:59:48.230 DEBUG 10148 --- [http-nio-8080-exec-1] c.w.x.m.WxBannerMapper.selectAllBanner   : ==> Parameters: 
2020-09-24 09:59:48.230 DEBUG 10148 --- [http-nio-8080-exec-2] c.w.x.m.WxConfigMapper.selectNotice      : ==> Parameters: 
2020-09-24 09:59:48.446 DEBUG 10148 --- [http-nio-8080-exec-2] c.w.x.m.WxConfigMapper.selectNotice      : <==      Total: 1
2020-09-24 09:59:48.447 DEBUG 10148 --- [http-nio-8080-exec-1] c.w.x.m.WxBannerMapper.selectAllBanner   : <==      Total: 2
2020-09-24 10:00:14.270 DEBUG 10148 --- [http-nio-8080-exec-5] c.w.xybb.mapper.WxUserMapper.selectById  : ==>  Preparing: select id, openid, unionid, `name`, student_id, nickname, avatarurl, gender,course_push, message_push, `time` from wx_user where student_id = ? 
2020-09-24 10:00:14.273 DEBUG 10148 --- [http-nio-8080-exec-5] c.w.xybb.mapper.WxUserMapper.selectById  : ==> Parameters: 201731900083(String)
2020-09-24 10:00:14.352 DEBUG 10148 --- [http-nio-8080-exec-5] c.w.xybb.mapper.WxUserMapper.selectById  : <==      Total: 1
2020-09-24 10:00:14.376 DEBUG 10148 --- [http-nio-8080-exec-5] c.w.x.m.W.updateByPrimaryKeySelective    : ==>  Preparing: update wx_user SET openid = ?, `name` = ?, nickname = ?, avatarurl = ?, gender = ?, `time` = ? where student_id = ? 
2020-09-24 10:00:14.386 DEBUG 10148 --- [http-nio-8080-exec-5] c.w.x.m.W.updateByPrimaryKeySelective    : ==> Parameters: op0IL44ZD_cZU_Es6x7V3TMS66hw(String), 赵凯(String), 赵四1998(String), https://thirdwx.qlogo.cn/mmopen/vi_32/DYAIOgq83er10ib8ZQKhtDY1mwcPCccwmw5EDM7IekiafmfaicvxVztzk5pX5JA2PPDGzTreIkodqEwO3uLodR2IQ/132(String), 1(Integer), 2020-09-24 10:00:14.353(Timestamp), null
2020-09-24 10:00:14.512 DEBUG 10148 --- [http-nio-8080-exec-5] c.w.x.m.W.updateByPrimaryKeySelective    : <==    Updates: 0
2020-09-24 10:00:14.524 ERROR 10148 --- [http-nio-8080-exec-5] c.w.x.e.handler.RestExceptionHandler     : businessException,操作失败,请重试,{}

com.wx.xybb.exception.BusinessException: 操作失败,请重试
	at com.wx.xybb.service.impl.WxLoginServiceImpl.login(WxLoginServiceImpl.java:100) ~[classes/:na]
	at com.wx.xybb.controller.WxLoginController.login(WxLoginController.java:32) ~[classes/:na]
	at sun.reflect.NativeMethodAccessorImpl.invoke0(Native Method) ~[na:1.8.0_212]
	at sun.reflect.NativeMethodAccessorImpl.invoke(NativeMethodAccessorImpl.java:62) ~[na:1.8.0_212]
	at sun.reflect.DelegatingMethodAccessorImpl.invoke(DelegatingMethodAccessorImpl.java:43) ~[na:1.8.0_212]
	at java.lang.reflect.Method.invoke(Method.java:498) ~[na:1.8.0_212]
	at org.springframework.web.method.support.InvocableHandlerMethod.doInvoke(InvocableHandlerMethod.java:190) ~[spring-web-5.1.8.RELEASE.jar:5.1.8.RELEASE]
	at org.springframework.web.method.support.InvocableHandlerMethod.invokeForRequest(InvocableHandlerMethod.java:138) ~[spring-web-5.1.8.RELEASE.jar:5.1.8.RELEASE]
	at org.springframework.web.servlet.mvc.method.annotation.ServletInvocableHandlerMethod.invokeAndHandle(ServletInvocableHandlerMethod.java:104) ~[spring-webmvc-5.1.8.RELEASE.jar:5.1.8.RELEASE]
	at org.springframework.web.servlet.mvc.method.annotation.RequestMappingHandlerAdapter.invokeHandlerMethod(RequestMappingHandlerAdapter.java:892) ~[spring-webmvc-5.1.8.RELEASE.jar:5.1.8.RELEASE]
	at org.springframework.web.servlet.mvc.method.annotation.RequestMappingHandlerAdapter.handleInternal(RequestMappingHandlerAdapter.java:797) ~[spring-webmvc-5.1.8.RELEASE.jar:5.1.8.RELEASE]
	at org.springframework.web.servlet.mvc.method.AbstractHandlerMethodAdapter.handle(AbstractHandlerMethodAdapter.java:87) ~[spring-webmvc-5.1.8.RELEASE.jar:5.1.8.RELEASE]
	at org.springframework.web.servlet.DispatcherServlet.doDispatch(DispatcherServlet.java:1039) ~[spring-webmvc-5.1.8.RELEASE.jar:5.1.8.RELEASE]
	at org.springframework.web.servlet.DispatcherServlet.doService(DispatcherServlet.java:942) ~[spring-webmvc-5.1.8.RELEASE.jar:5.1.8.RELEASE]
	at org.springframework.web.servlet.FrameworkServlet.processRequest(FrameworkServlet.java:1005) [spring-webmvc-5.1.8.RELEASE.jar:5.1.8.RELEASE]
	at org.springframework.web.servlet.FrameworkServlet.doPost(FrameworkServlet.java:908) [spring-webmvc-5.1.8.RELEASE.jar:5.1.8.RELEASE]
	at javax.servlet.http.HttpServlet.service(HttpServlet.java:660) [tomcat-embed-core-9.0.21.jar:9.0.21]
	at org.springframework.web.servlet.FrameworkServlet.service(FrameworkServlet.java:882) [spring-webmvc-5.1.8.RELEASE.jar:5.1.8.RELEASE]
	at javax.servlet.http.HttpServlet.service(HttpServlet.java:741) [tomcat-embed-core-9.0.21.jar:9.0.21]
	at org.apache.catalina.core.ApplicationFilterChain.internalDoFilter(ApplicationFilterChain.java:231) [tomcat-embed-core-9.0.21.jar:9.0.21]
	at org.apache.catalina.core.ApplicationFilterChain.doFilter(ApplicationFilterChain.java:166) [tomcat-embed-core-9.0.21.jar:9.0.21]
	at org.apache.tomcat.websocket.server.WsFilter.doFilter(WsFilter.java:53) [tomcat-embed-websocket-9.0.21.jar:9.0.21]
	at org.apache.catalina.core.ApplicationFilterChain.internalDoFilter(ApplicationFilterChain.java:193) [tomcat-embed-core-9.0.21.jar:9.0.21]
	at org.apache.catalina.core.ApplicationFilterChain.doFilter(ApplicationFilterChain.java:166) [tomcat-embed-core-9.0.21.jar:9.0.21]
	at org.apache.shiro.web.servlet.ProxiedFilterChain.doFilter(ProxiedFilterChain.java:61) [shiro-web-1.4.1.jar:1.4.1]
	at org.apache.shiro.web.servlet.AdviceFilter.executeChain(AdviceFilter.java:108) [shiro-web-1.4.1.jar:1.4.1]
	at org.apache.shiro.web.servlet.AdviceFilter.doFilterInternal(AdviceFilter.java:137) [shiro-web-1.4.1.jar:1.4.1]
	at org.apache.shiro.web.servlet.OncePerRequestFilter.doFilter(OncePerRequestFilter.java:125) [shiro-web-1.4.1.jar:1.4.1]
	at org.apache.shiro.web.servlet.ProxiedFilterChain.doFilter(ProxiedFilterChain.java:66) [shiro-web-1.4.1.jar:1.4.1]
	at org.apache.shiro.web.servlet.AbstractShiroFilter.executeChain(AbstractShiroFilter.java:449) [shiro-web-1.4.1.jar:1.4.1]
	at org.apache.shiro.web.servlet.AbstractShiroFilter$1.call(AbstractShiroFilter.java:365) [shiro-web-1.4.1.jar:1.4.1]
	at org.apache.shiro.subject.support.SubjectCallable.doCall(SubjectCallable.java:90) [shiro-core-1.4.1.jar:1.4.1]
	at org.apache.shiro.subject.support.SubjectCallable.call(SubjectCallable.java:83) [shiro-core-1.4.1.jar:1.4.1]
	at org.apache.shiro.subject.support.DelegatingSubject.execute(DelegatingSubject.java:387) [shiro-core-1.4.1.jar:1.4.1]
	at org.apache.shiro.web.servlet.AbstractShiroFilter.doFilterInternal(AbstractShiroFilter.java:362) [shiro-web-1.4.1.jar:1.4.1]
	at org.apache.shiro.web.servlet.OncePerRequestFilter.doFilter(OncePerRequestFilter.java:125) [shiro-web-1.4.1.jar:1.4.1]
	at org.apache.catalina.core.ApplicationFilterChain.internalDoFilter(ApplicationFilterChain.java:193) [tomcat-embed-core-9.0.21.jar:9.0.21]
	at org.apache.catalina.core.ApplicationFilterChain.doFilter(ApplicationFilterChain.java:166) [tomcat-embed-core-9.0.21.jar:9.0.21]
	at com.alibaba.druid.support.http.WebStatFilter.doFilter(WebStatFilter.java:123) [druid-1.1.10.jar:1.1.10]
	at org.apache.catalina.core.ApplicationFilterChain.internalDoFilter(ApplicationFilterChain.java:193) [tomcat-embed-core-9.0.21.jar:9.0.21]
	at org.apache.catalina.core.ApplicationFilterChain.doFilter(ApplicationFilterChain.java:166) [tomcat-embed-core-9.0.21.jar:9.0.21]
	at org.springframework.web.filter.RequestContextFilter.doFilterInternal(RequestContextFilter.java:99) [spring-web-5.1.8.RELEASE.jar:5.1.8.RELEASE]
	at org.springframework.web.filter.OncePerRequestFilter.doFilter(OncePerRequestFilter.java:109) [spring-web-5.1.8.RELEASE.jar:5.1.8.RELEASE]
	at org.apache.catalina.core.ApplicationFilterChain.internalDoFilter(ApplicationFilterChain.java:193) [tomcat-embed-core-9.0.21.jar:9.0.21]
	at org.apache.catalina.core.ApplicationFilterChain.doFilter(ApplicationFilterChain.java:166) [tomcat-embed-core-9.0.21.jar:9.0.21]
	at org.springframework.web.filter.FormContentFilter.doFilterInternal(FormContentFilter.java:92) [spring-web-5.1.8.RELEASE.jar:5.1.8.RELEASE]
	at org.springframework.web.filter.OncePerRequestFilter.doFilter(OncePerRequestFilter.java:109) [spring-web-5.1.8.RELEASE.jar:5.1.8.RELEASE]
	at org.apache.catalina.core.ApplicationFilterChain.internalDoFilter(ApplicationFilterChain.java:193) [tomcat-embed-core-9.0.21.jar:9.0.21]
	at org.apache.catalina.core.ApplicationFilterChain.doFilter(ApplicationFilterChain.java:166) [tomcat-embed-core-9.0.21.jar:9.0.21]
	at org.springframework.web.filter.HiddenHttpMethodFilter.doFilterInternal(HiddenHttpMethodFilter.java:93) [spring-web-5.1.8.RELEASE.jar:5.1.8.RELEASE]
	at org.springframework.web.filter.OncePerRequestFilter.doFilter(OncePerRequestFilter.java:109) [spring-web-5.1.8.RELEASE.jar:5.1.8.RELEASE]
	at org.apache.catalina.core.ApplicationFilterChain.internalDoFilter(ApplicationFilterChain.java:193) [tomcat-embed-core-9.0.21.jar:9.0.21]
	at org.apache.catalina.core.ApplicationFilterChain.doFilter(ApplicationFilterChain.java:166) [tomcat-embed-core-9.0.21.jar:9.0.21]
	at org.springframework.web.filter.CharacterEncodingFilter.doFilterInternal(CharacterEncodingFilter.java:200) [spring-web-5.1.8.RELEASE.jar:5.1.8.RELEASE]
	at org.springframework.web.filter.OncePerRequestFilter.doFilter(OncePerRequestFilter.java:109) [spring-web-5.1.8.RELEASE.jar:5.1.8.RELEASE]
	at org.apache.catalina.core.ApplicationFilterChain.internalDoFilter(ApplicationFilterChain.java:193) [tomcat-embed-core-9.0.21.jar:9.0.21]
	at org.apache.catalina.core.ApplicationFilterChain.doFilter(ApplicationFilterChain.java:166) [tomcat-embed-core-9.0.21.jar:9.0.21]
	at org.apache.catalina.core.StandardWrapperValve.invoke(StandardWrapperValve.java:202) [tomcat-embed-core-9.0.21.jar:9.0.21]
	at org.apache.catalina.core.StandardContextValve.invoke(StandardContextValve.java:96) [tomcat-embed-core-9.0.21.jar:9.0.21]
	at org.apache.catalina.authenticator.AuthenticatorBase.invoke(AuthenticatorBase.java:490) [tomcat-embed-core-9.0.21.jar:9.0.21]
	at org.apache.catalina.core.StandardHostValve.invoke(StandardHostValve.java:139) [tomcat-embed-core-9.0.21.jar:9.0.21]
	at org.apache.catalina.valves.ErrorReportValve.invoke(ErrorReportValve.java:92) [tomcat-embed-core-9.0.21.jar:9.0.21]
	at org.apache.catalina.core.StandardEngineValve.invoke(StandardEngineValve.java:74) [tomcat-embed-core-9.0.21.jar:9.0.21]
	at org.apache.catalina.connector.CoyoteAdapter.service(CoyoteAdapter.java:343) [tomcat-embed-core-9.0.21.jar:9.0.21]
	at org.apache.coyote.http11.Http11Processor.service(Http11Processor.java:408) [tomcat-embed-core-9.0.21.jar:9.0.21]
	at org.apache.coyote.AbstractProcessorLight.process(AbstractProcessorLight.java:66) [tomcat-embed-core-9.0.21.jar:9.0.21]
	at org.apache.coyote.AbstractProtocol$ConnectionHandler.process(AbstractProtocol.java:853) [tomcat-embed-core-9.0.21.jar:9.0.21]
	at org.apache.tomcat.util.net.NioEndpoint$SocketProcessor.doRun(NioEndpoint.java:1587) [tomcat-embed-core-9.0.21.jar:9.0.21]
	at org.apache.tomcat.util.net.SocketProcessorBase.run(SocketProcessorBase.java:49) [tomcat-embed-core-9.0.21.jar:9.0.21]
	at java.util.concurrent.ThreadPoolExecutor.runWorker(ThreadPoolExecutor.java:1149) [na:1.8.0_212]
	at java.util.concurrent.ThreadPoolExecutor$Worker.run(ThreadPoolExecutor.java:624) [na:1.8.0_212]
	at org.apache.tomcat.util.threads.TaskThread$WrappingRunnable.run(TaskThread.java:61) [tomcat-embed-core-9.0.21.jar:9.0.21]
	at java.lang.Thread.run(Thread.java:748) [na:1.8.0_212]

2020-09-24 10:00:14.527  WARN 10148 --- [http-nio-8080-exec-5] .m.m.a.ExceptionHandlerExceptionResolver : Resolved [com.wx.xybb.exception.BusinessException: 操作失败,请重试]
2020-09-24 10:01:52.625  INFO 13672 --- [restartedMain] com.wx.xybb.CompanyFrameApplication      : Starting CompanyFrameApplication on small-kai with PID 13672 (D:\xybb_background\target\classes started by 小凯 in D:\xybb_background)
2020-09-24 10:01:52.625  INFO 13672 --- [restartedMain] com.wx.xybb.CompanyFrameApplication      : No active profile set, falling back to default profiles: default
2020-09-24 10:01:52.695  INFO 13672 --- [restartedMain] .e.DevToolsPropertyDefaultsPostProcessor : Devtools property defaults active! Set 'spring.devtools.add-properties' to 'false' to disable
2020-09-24 10:01:52.695  INFO 13672 --- [restartedMain] .e.DevToolsPropertyDefaultsPostProcessor : For additional web related logging consider setting the 'logging.level.web' property to 'DEBUG'
2020-09-24 10:01:54.360  INFO 13672 --- [restartedMain] .s.d.r.c.RepositoryConfigurationDelegate : Multiple Spring Data modules found, entering strict repository configuration mode!
2020-09-24 10:01:54.364  INFO 13672 --- [restartedMain] .s.d.r.c.RepositoryConfigurationDelegate : Bootstrapping Spring Data repositories in DEFAULT mode.
2020-09-24 10:01:54.433  INFO 13672 --- [restartedMain] .s.d.r.c.RepositoryConfigurationDelegate : Finished Spring Data repository scanning in 49ms. Found 0 repository interfaces.
2020-09-24 10:01:54.820  INFO 13672 --- [restartedMain] trationDelegate$BeanPostProcessorChecker : Bean 'shiroConfig' of type [com.wx.xybb.config.ShiroConfig$$EnhancerBySpringCGLIB$$252bfaa4] is not eligible for getting processed by all BeanPostProcessors (for example: not eligible for auto-proxying)
2020-09-24 10:01:55.350  INFO 13672 --- [restartedMain] trationDelegate$BeanPostProcessorChecker : Bean 'redisConfig' of type [com.wx.xybb.config.RedisConfig$$EnhancerBySpringCGLIB$$6ffa81ee] is not eligible for getting processed by all BeanPostProcessors (for example: not eligible for auto-proxying)
2020-09-24 10:01:55.380  INFO 13672 --- [restartedMain] trationDelegate$BeanPostProcessorChecker : Bean 'spring.redis-org.springframework.boot.autoconfigure.data.redis.RedisProperties' of type [org.springframework.boot.autoconfigure.data.redis.RedisProperties] is not eligible for getting processed by all BeanPostProcessors (for example: not eligible for auto-proxying)
2020-09-24 10:01:55.380  INFO 13672 --- [restartedMain] trationDelegate$BeanPostProcessorChecker : Bean 'org.springframework.boot.autoconfigure.data.redis.LettuceConnectionConfiguration' of type [org.springframework.boot.autoconfigure.data.redis.LettuceConnectionConfiguration$$EnhancerBySpringCGLIB$$728706b5] is not eligible for getting processed by all BeanPostProcessors (for example: not eligible for auto-proxying)
2020-09-24 10:01:55.480  INFO 13672 --- [restartedMain] trationDelegate$BeanPostProcessorChecker : Bean 'lettuceClientResources' of type [io.lettuce.core.resource.DefaultClientResources] is not eligible for getting processed by all BeanPostProcessors (for example: not eligible for auto-proxying)
2020-09-24 10:01:55.560  INFO 13672 --- [restartedMain] trationDelegate$BeanPostProcessorChecker : Bean 'redisConnectionFactory' of type [org.springframework.data.redis.connection.lettuce.LettuceConnectionFactory] is not eligible for getting processed by all BeanPostProcessors (for example: not eligible for auto-proxying)
2020-09-24 10:01:55.580  INFO 13672 --- [restartedMain] trationDelegate$BeanPostProcessorChecker : Bean 'redisTemplate' of type [org.springframework.data.redis.core.RedisTemplate] is not eligible for getting processed by all BeanPostProcessors (for example: not eligible for auto-proxying)
2020-09-24 10:01:55.580  INFO 13672 --- [restartedMain] trationDelegate$BeanPostProcessorChecker : Bean 'redisService' of type [com.wx.xybb.service.RedisService] is not eligible for getting processed by all BeanPostProcessors (for example: not eligible for auto-proxying)
2020-09-24 10:01:55.580  INFO 13672 --- [restartedMain] trationDelegate$BeanPostProcessorChecker : Bean 'customHashedCredentialsMatcher' of type [com.wx.xybb.shiro.CustomHashedCredentialsMatcher] is not eligible for getting processed by all BeanPostProcessors (for example: not eligible for auto-proxying)
2020-09-24 10:01:55.590  INFO 13672 --- [restartedMain] trationDelegate$BeanPostProcessorChecker : Bean 'redisCacheManager' of type [com.wx.xybb.shiro.RedisCacheManager] is not eligible for getting processed by all BeanPostProcessors (for example: not eligible for auto-proxying)
2020-09-24 10:01:55.620  INFO 13672 --- [restartedMain] trationDelegate$BeanPostProcessorChecker : Bean 'mybatis-org.mybatis.spring.boot.autoconfigure.MybatisProperties' of type [org.mybatis.spring.boot.autoconfigure.MybatisProperties] is not eligible for getting processed by all BeanPostProcessors (for example: not eligible for auto-proxying)
2020-09-24 10:01:55.630  INFO 13672 --- [restartedMain] trationDelegate$BeanPostProcessorChecker : Bean 'org.mybatis.spring.boot.autoconfigure.MybatisAutoConfiguration' of type [org.mybatis.spring.boot.autoconfigure.MybatisAutoConfiguration$$EnhancerBySpringCGLIB$$9041999b] is not eligible for getting processed by all BeanPostProcessors (for example: not eligible for auto-proxying)
2020-09-24 10:01:55.630  INFO 13672 --- [restartedMain] trationDelegate$BeanPostProcessorChecker : Bean 'com.alibaba.druid.spring.boot.autoconfigure.DruidDataSourceAutoConfigure' of type [com.alibaba.druid.spring.boot.autoconfigure.DruidDataSourceAutoConfigure$$EnhancerBySpringCGLIB$$77193ddd] is not eligible for getting processed by all BeanPostProcessors (for example: not eligible for auto-proxying)
2020-09-24 10:01:55.630  INFO 13672 --- [restartedMain] c.a.d.s.b.a.DruidDataSourceAutoConfigure : Init DruidDataSource
2020-09-24 10:01:55.700  INFO 13672 --- [restartedMain] trationDelegate$BeanPostProcessorChecker : Bean 'spring.datasource-org.springframework.boot.autoconfigure.jdbc.DataSourceProperties' of type [org.springframework.boot.autoconfigure.jdbc.DataSourceProperties] is not eligible for getting processed by all BeanPostProcessors (for example: not eligible for auto-proxying)
2020-09-24 10:01:55.700  INFO 13672 --- [restartedMain] trationDelegate$BeanPostProcessorChecker : Bean 'com.alibaba.druid.spring.boot.autoconfigure.stat.DruidFilterConfiguration' of type [com.alibaba.druid.spring.boot.autoconfigure.stat.DruidFilterConfiguration] is not eligible for getting processed by all BeanPostProcessors (for example: not eligible for auto-proxying)
2020-09-24 10:01:55.880  INFO 13672 --- [restartedMain] trationDelegate$BeanPostProcessorChecker : Bean 'statFilter' of type [com.alibaba.druid.filter.stat.StatFilter] is not eligible for getting processed by all BeanPostProcessors (for example: not eligible for auto-proxying)
2020-09-24 10:02:01.293  INFO 13672 --- [restartedMain] com.alibaba.druid.pool.DruidDataSource   : {dataSource-1} inited
2020-09-24 10:02:01.293  INFO 13672 --- [restartedMain] trationDelegate$BeanPostProcessorChecker : Bean 'dataSource' of type [com.alibaba.druid.spring.boot.autoconfigure.DruidDataSourceWrapper] is not eligible for getting processed by all BeanPostProcessors (for example: not eligible for auto-proxying)
2020-09-24 10:02:01.723  INFO 13672 --- [restartedMain] trationDelegate$BeanPostProcessorChecker : Bean 'sqlSessionFactory' of type [org.apache.ibatis.session.defaults.DefaultSqlSessionFactory] is not eligible for getting processed by all BeanPostProcessors (for example: not eligible for auto-proxying)
2020-09-24 10:02:01.733  INFO 13672 --- [restartedMain] trationDelegate$BeanPostProcessorChecker : Bean 'sqlSessionTemplate' of type [org.mybatis.spring.SqlSessionTemplate] is not eligible for getting processed by all BeanPostProcessors (for example: not eligible for auto-proxying)
2020-09-24 10:02:01.733  INFO 13672 --- [restartedMain] trationDelegate$BeanPostProcessorChecker : Bean 'sysRoleMapper' of type [org.mybatis.spring.mapper.MapperFactoryBean] is not eligible for getting processed by all BeanPostProcessors (for example: not eligible for auto-proxying)
2020-09-24 10:02:01.733  INFO 13672 --- [restartedMain] trationDelegate$BeanPostProcessorChecker : Bean 'sysRoleMapper' of type [com.sun.proxy.$Proxy70] is not eligible for getting processed by all BeanPostProcessors (for example: not eligible for auto-proxying)
2020-09-24 10:02:01.733  INFO 13672 --- [restartedMain] trationDelegate$BeanPostProcessorChecker : Bean 'sysRolePermissionMapper' of type [org.mybatis.spring.mapper.MapperFactoryBean] is not eligible for getting processed by all BeanPostProcessors (for example: not eligible for auto-proxying)
2020-09-24 10:02:01.743  INFO 13672 --- [restartedMain] trationDelegate$BeanPostProcessorChecker : Bean 'sysRolePermissionMapper' of type [com.sun.proxy.$Proxy71] is not eligible for getting processed by all BeanPostProcessors (for example: not eligible for auto-proxying)
2020-09-24 10:02:01.743  INFO 13672 --- [restartedMain] trationDelegate$BeanPostProcessorChecker : Bean 'rolePermissionServiceImpl' of type [com.wx.xybb.service.impl.RolePermissionServiceImpl] is not eligible for getting processed by all BeanPostProcessors (for example: not eligible for auto-proxying)
2020-09-24 10:02:01.743  INFO 13672 --- [restartedMain] trationDelegate$BeanPostProcessorChecker : Bean 'sysPermissionMapper' of type [org.mybatis.spring.mapper.MapperFactoryBean] is not eligible for getting processed by all BeanPostProcessors (for example: not eligible for auto-proxying)
2020-09-24 10:02:01.743  INFO 13672 --- [restartedMain] trationDelegate$BeanPostProcessorChecker : Bean 'sysPermissionMapper' of type [com.sun.proxy.$Proxy72] is not eligible for getting processed by all BeanPostProcessors (for example: not eligible for auto-proxying)
2020-09-24 10:02:01.753  INFO 13672 --- [restartedMain] trationDelegate$BeanPostProcessorChecker : Bean 'sysUserRoleMapper' of type [org.mybatis.spring.mapper.MapperFactoryBean] is not eligible for getting processed by all BeanPostProcessors (for example: not eligible for auto-proxying)
2020-09-24 10:02:01.753  INFO 13672 --- [restartedMain] trationDelegate$BeanPostProcessorChecker : Bean 'sysUserRoleMapper' of type [com.sun.proxy.$Proxy73] is not eligible for getting processed by all BeanPostProcessors (for example: not eligible for auto-proxying)
2020-09-24 10:02:01.753  INFO 13672 --- [restartedMain] trationDelegate$BeanPostProcessorChecker : Bean 'userRoleServiceImpl' of type [com.wx.xybb.service.impl.UserRoleServiceImpl] is not eligible for getting processed by all BeanPostProcessors (for example: not eligible for auto-proxying)
2020-09-24 10:02:01.763  INFO 13672 --- [restartedMain] trationDelegate$BeanPostProcessorChecker : Bean 'tokenSettings' of type [com.wx.xybb.utils.TokenSettings] is not eligible for getting processed by all BeanPostProcessors (for example: not eligible for auto-proxying)
2020-09-24 10:02:01.763  INFO 13672 --- [restartedMain] trationDelegate$BeanPostProcessorChecker : Bean 'permissionServiceImpl' of type [com.wx.xybb.service.impl.PermissionServiceImpl] is not eligible for getting processed by all BeanPostProcessors (for example: not eligible for auto-proxying)
2020-09-24 10:02:01.763  INFO 13672 --- [restartedMain] trationDelegate$BeanPostProcessorChecker : Bean 'roleServiceImpl' of type [com.wx.xybb.service.impl.RoleServiceImpl] is not eligible for getting processed by all BeanPostProcessors (for example: not eligible for auto-proxying)
2020-09-24 10:02:01.763  INFO 13672 --- [restartedMain] trationDelegate$BeanPostProcessorChecker : Bean 'customRealm' of type [com.wx.xybb.shiro.CustomRealm] is not eligible for getting processed by all BeanPostProcessors (for example: not eligible for auto-proxying)
2020-09-24 10:02:01.763  INFO 13672 --- [restartedMain] trationDelegate$BeanPostProcessorChecker : Bean 'securityManager' of type [org.apache.shiro.web.mgt.DefaultWebSecurityManager] is not eligible for getting processed by all BeanPostProcessors (for example: not eligible for auto-proxying)
2020-09-24 10:02:01.823  INFO 13672 --- [restartedMain] trationDelegate$BeanPostProcessorChecker : Bean 'authorizationAttributeSourceAdvisor' of type [org.apache.shiro.spring.security.interceptor.AuthorizationAttributeSourceAdvisor] is not eligible for getting processed by all BeanPostProcessors (for example: not eligible for auto-proxying)
2020-09-24 10:02:01.873  INFO 13672 --- [restartedMain] trationDelegate$BeanPostProcessorChecker : Bean 'org.springframework.transaction.annotation.ProxyTransactionManagementConfiguration' of type [org.springframework.transaction.annotation.ProxyTransactionManagementConfiguration$$EnhancerBySpringCGLIB$$5d6d486b] is not eligible for getting processed by all BeanPostProcessors (for example: not eligible for auto-proxying)
2020-09-24 10:02:02.489  INFO 13672 --- [restartedMain] o.s.b.w.embedded.tomcat.TomcatWebServer  : Tomcat initialized with port(s): 8080 (http)
2020-09-24 10:02:02.519  INFO 13672 --- [restartedMain] o.apache.catalina.core.StandardService   : Starting service [Tomcat]
2020-09-24 10:02:02.519  INFO 13672 --- [restartedMain] org.apache.catalina.core.StandardEngine  : Starting Servlet engine: [Apache Tomcat/9.0.21]
2020-09-24 10:02:02.689  INFO 13672 --- [restartedMain] o.a.c.c.C.[Tomcat].[localhost].[/]       : Initializing Spring embedded WebApplicationContext
2020-09-24 10:02:02.689  INFO 13672 --- [restartedMain] o.s.web.context.ContextLoader            : Root WebApplicationContext: initialization completed in 9994 ms
2020-09-24 10:02:03.849  INFO 13672 --- [restartedMain] pertySourcedRequestMappingHandlerMapping : Mapped URL path [/v2/api-docs] onto method [public org.springframework.http.ResponseEntity<springfox.documentation.spring.web.json.Json> springfox.documentation.swagger2.web.Swagger2Controller.getDocumentation(java.lang.String,javax.servlet.http.HttpServletRequest)]
2020-09-24 10:02:04.317  INFO 13672 --- [restartedMain] o.s.s.concurrent.ThreadPoolTaskExecutor  : Initializing ExecutorService 'applicationTaskExecutor'
2020-09-24 10:02:04.415  INFO 13672 --- [restartedMain] o.s.b.d.a.OptionalLiveReloadServer       : LiveReload server is running on port 35729
2020-09-24 10:02:05.062  INFO 13672 --- [restartedMain] o.s.s.c.ThreadPoolTaskScheduler          : Initializing ExecutorService 'taskScheduler'
2020-09-24 10:02:05.260  INFO 13672 --- [restartedMain] d.s.w.p.DocumentationPluginsBootstrapper : Context refreshed
2020-09-24 10:02:05.286  INFO 13672 --- [restartedMain] d.s.w.p.DocumentationPluginsBootstrapper : Found 1 custom documentation plugin(s)
2020-09-24 10:02:05.287  INFO 13672 --- [restartedMain] d.s.w.p.DocumentationPluginsBootstrapper : Skipping initializing disabled plugin bean swagger v2.0
2020-09-24 10:02:05.331  INFO 13672 --- [restartedMain] o.s.b.w.embedded.tomcat.TomcatWebServer  : Tomcat started on port(s): 8080 (http) with context path ''
2020-09-24 10:02:05.334  INFO 13672 --- [restartedMain] com.wx.xybb.CompanyFrameApplication      : Started CompanyFrameApplication in 13.389 seconds (JVM running for 15.594)
2020-09-24 10:02:28.162  INFO 13672 --- [http-nio-8080-exec-1] o.a.c.c.C.[Tomcat].[localhost].[/]       : Initializing Spring DispatcherServlet 'dispatcherServlet'
2020-09-24 10:02:28.162  INFO 13672 --- [http-nio-8080-exec-1] o.s.web.servlet.DispatcherServlet        : Initializing Servlet 'dispatcherServlet'
2020-09-24 10:02:28.198  INFO 13672 --- [http-nio-8080-exec-1] o.s.web.servlet.DispatcherServlet        : Completed initialization in 36 ms
2020-09-24 10:02:28.360 DEBUG 13672 --- [http-nio-8080-exec-1] c.w.x.m.WxConfigMapper.selectNotice      : ==>  Preparing: select config_id, config_name, config_value, config_explain from wx_config where config_id = 5 
2020-09-24 10:02:28.360 DEBUG 13672 --- [http-nio-8080-exec-2] c.w.x.m.WxBannerMapper.selectAllBanner   : ==>  Preparing: select id, imgurl, type, url, time from wx_banner 
2020-09-24 10:02:28.585 DEBUG 13672 --- [http-nio-8080-exec-2] c.w.x.m.WxBannerMapper.selectAllBanner   : ==> Parameters: 
2020-09-24 10:02:28.585 DEBUG 13672 --- [http-nio-8080-exec-1] c.w.x.m.WxConfigMapper.selectNotice      : ==> Parameters: 
2020-09-24 10:02:28.686 DEBUG 13672 --- [http-nio-8080-exec-1] c.w.x.m.WxConfigMapper.selectNotice      : <==      Total: 1
2020-09-24 10:02:28.687 DEBUG 13672 --- [http-nio-8080-exec-2] c.w.x.m.WxBannerMapper.selectAllBanner   : <==      Total: 2
2020-09-24 10:02:47.840 DEBUG 13672 --- [http-nio-8080-exec-5] c.w.xybb.mapper.WxUserMapper.selectById  : ==>  Preparing: select id, openid, unionid, `name`, student_id, nickname, avatarurl, gender,course_push, message_push, `time` from wx_user where student_id = ? 
2020-09-24 10:02:47.843 DEBUG 13672 --- [http-nio-8080-exec-5] c.w.xybb.mapper.WxUserMapper.selectById  : ==> Parameters: 201731900083(String)
2020-09-24 10:02:47.921 DEBUG 13672 --- [http-nio-8080-exec-5] c.w.xybb.mapper.WxUserMapper.selectById  : <==      Total: 1
2020-09-24 10:02:47.942 DEBUG 13672 --- [http-nio-8080-exec-5] c.w.x.m.W.updateByPrimaryKeySelective    : ==>  Preparing: update wx_user SET openid = ?, `name` = ?, nickname = ?, avatarurl = ?, gender = ?, `time` = ? where student_id = ? 
2020-09-24 10:02:47.957 DEBUG 13672 --- [http-nio-8080-exec-5] c.w.x.m.W.updateByPrimaryKeySelective    : ==> Parameters: op0IL44ZD_cZU_Es6x7V3TMS66hw(String), 赵凯(String), 赵四1998(String), https://thirdwx.qlogo.cn/mmopen/vi_32/DYAIOgq83er10ib8ZQKhtDY1mwcPCccwmw5EDM7IekiafmfaicvxVztzk5pX5JA2PPDGzTreIkodqEwO3uLodR2IQ/132(String), 1(Integer), 2020-09-24 10:02:47.922(Timestamp), 201731900083(String)
2020-09-24 10:02:48.126 DEBUG 13672 --- [http-nio-8080-exec-5] c.w.x.m.W.updateByPrimaryKeySelective    : <==    Updates: 1
2020-09-24 10:02:54.555  INFO 13672 --- [http-nio-8080-exec-6] c.w.x.shiro.CustomAccessControlerFilter  : POST
2020-09-24 10:02:54.557  INFO 13672 --- [http-nio-8080-exec-6] c.w.x.shiro.CustomAccessControlerFilter  : http://localhost:8080/wx/getMyCourseByWX
2020-09-24 10:02:54.681  INFO 13672 --- [http-nio-8080-exec-7] c.w.x.shiro.CustomAccessControlerFilter  : GET
2020-09-24 10:02:54.681  INFO 13672 --- [http-nio-8080-exec-7] c.w.x.shiro.CustomAccessControlerFilter  : http://localhost:8080/wx/isRubLesson
2020-09-24 10:02:54.948  INFO 13672 --- [http-nio-8080-exec-6] io.lettuce.core.EpollProvider            : Starting without optional epoll library
2020-09-24 10:02:54.952  INFO 13672 --- [http-nio-8080-exec-6] io.lettuce.core.KqueueProvider           : Starting without optional kqueue library
2020-09-24 10:02:56.582 DEBUG 13672 --- [http-nio-8080-exec-7] c.w.x.m.W.selectById                     : ==>  Preparing: select rub_lesson from wx_school_timetable where student_id = ? LIMIT 1 
2020-09-24 10:02:56.585 DEBUG 13672 --- [http-nio-8080-exec-7] c.w.x.m.W.selectById                     : ==> Parameters: 201731900083(String)
2020-09-24 10:02:56.659 DEBUG 13672 --- [http-nio-8080-exec-7] c.w.x.m.W.selectById                     : <==      Total: 1
2020-09-24 10:02:56.724 DEBUG 13672 --- [http-nio-8080-exec-6] c.w.x.m.W.selectByPrimaryKey             : ==>  Preparing: select id, timetable, `name`, student_id, rub_lesson, `time` from wx_school_timetable where student_id = ? 
2020-09-24 10:02:56.726 DEBUG 13672 --- [http-nio-8080-exec-6] c.w.x.m.W.selectByPrimaryKey             : ==> Parameters: 201731900083(String)
2020-09-24 10:02:56.803 DEBUG 13672 --- [http-nio-8080-exec-6] c.w.x.m.W.selectByPrimaryKey             : <==      Total: 1
2020-09-24 10:02:56.805 DEBUG 13672 --- [http-nio-8080-exec-6] c.w.x.m.W.updateByPrimaryKeySelective    : ==>  Preparing: update wx_school_timetable SET timetable = ?, `name` = ?, `time` = ? where student_id = ? 
2020-09-24 10:02:56.806 DEBUG 13672 --- [http-nio-8080-exec-6] c.w.x.m.W.updateByPrimaryKeySelective    : ==> Parameters: {"openData":"2020/08/24","name":"赵凯","otherCourse":[{"courseName":"暂时没有实践课程"}],"course":[{"courseAllWeeks":[3,4,5,6,7,8,9,10],"courseColor":"#85B8CF","courseDay":3,"courseLength":2,"courseLesson":"1-2节","courseName":"领导科学与艺术","coursePlace":"14-0460","courseStart":1,"courseTeacher":"王景平","courseTime":"3-10周","courseType":"考查"},{"courseAllWeeks":[3,4,5,6,7,8,9,10],"courseColor":"#85B8CF","courseDay":4,"courseLength":2,"courseLesson":"1-2节","courseName":"领导科学与艺术","coursePlace":"14-0460","courseStart":1,"courseTeacher":"王景平","courseTime":"3-10周","courseType":"考查"},{"courseAllWeeks":[3,4,5,6,7,8,9,10],"courseColor":"#90C652","courseDay":4,"courseLength":2,"courseLesson":"6-7节","courseName":"管理沟通","coursePlace":"14-0356","courseStart":6,"courseTeacher":"李朝辉","courseTime":"3-10周","courseType":"考查"},{"courseAllWeeks":[3,4,5,6,7,8,9,10],"courseColor":"#90C652","courseDay":5,"courseLength":2,"courseLesson":"3-4节","courseName":"管理沟通","coursePlace":"14-0356","courseStart":3,"courseTeacher":"李朝辉","courseTime":"3-10周","courseType":"考查"}]}(String), 赵凯(String), 2020-09-24 10:02:56.724(Timestamp), 201731900083(String)
2020-09-24 10:03:00.084 DEBUG 13672 --- [http-nio-8080-exec-6] c.w.x.m.W.updateByPrimaryKeySelective    : <==    Updates: 1
2020-09-24 10:03:00.572  INFO 13672 --- [http-nio-8080-exec-9] c.w.x.shiro.CustomAccessControlerFilter  : POST
2020-09-24 10:03:00.573  INFO 13672 --- [http-nio-8080-exec-9] c.w.x.shiro.CustomAccessControlerFilter  : http://localhost:8080/wx/getMyCourseByWX
2020-09-24 10:03:00.798 DEBUG 13672 --- [http-nio-8080-exec-9] c.w.x.m.W.selectByPrimaryKey             : ==>  Preparing: select id, timetable, `name`, student_id, rub_lesson, `time` from wx_school_timetable where student_id = ? 
2020-09-24 10:03:00.798 DEBUG 13672 --- [http-nio-8080-exec-9] c.w.x.m.W.selectByPrimaryKey             : ==> Parameters: 201731900083(String)
2020-09-24 10:03:00.876 DEBUG 13672 --- [http-nio-8080-exec-9] c.w.x.m.W.selectByPrimaryKey             : <==      Total: 1
2020-09-24 10:03:00.877 DEBUG 13672 --- [http-nio-8080-exec-9] c.w.x.m.W.updateByPrimaryKeySelective    : ==>  Preparing: update wx_school_timetable SET timetable = ?, `name` = ?, `time` = ? where student_id = ? 
2020-09-24 10:03:00.879 DEBUG 13672 --- [http-nio-8080-exec-9] c.w.x.m.W.updateByPrimaryKeySelective    : ==> Parameters: {"openData":"2020/08/24","name":"赵凯","otherCourse":[{"courseName":"暂时没有实践课程"}],"course":[{"courseAllWeeks":[3,4,5,6,7,8,9,10],"courseColor":"#85B8CF","courseDay":3,"courseLength":2,"courseLesson":"1-2节","courseName":"领导科学与艺术","coursePlace":"14-0460","courseStart":1,"courseTeacher":"王景平","courseTime":"3-10周","courseType":"考查"},{"courseAllWeeks":[3,4,5,6,7,8,9,10],"courseColor":"#85B8CF","courseDay":4,"courseLength":2,"courseLesson":"1-2节","courseName":"领导科学与艺术","coursePlace":"14-0460","courseStart":1,"courseTeacher":"王景平","courseTime":"3-10周","courseType":"考查"},{"courseAllWeeks":[3,4,5,6,7,8,9,10],"courseColor":"#90C652","courseDay":4,"courseLength":2,"courseLesson":"6-7节","courseName":"管理沟通","coursePlace":"14-0356","courseStart":6,"courseTeacher":"李朝辉","courseTime":"3-10周","courseType":"考查"},{"courseAllWeeks":[3,4,5,6,7,8,9,10],"courseColor":"#90C652","courseDay":5,"courseLength":2,"courseLesson":"3-4节","courseName":"管理沟通","coursePlace":"14-0356","courseStart":3,"courseTeacher":"李朝辉","courseTime":"3-10周","courseType":"考查"}]}(String), 赵凯(String), 2020-09-24 10:03:00.797(Timestamp), 201731900083(String)
2020-09-24 10:03:01.047 DEBUG 13672 --- [http-nio-8080-exec-9] c.w.x.m.W.updateByPrimaryKeySelective    : <==    Updates: 1
2020-09-24 10:04:44.423 DEBUG 13672 --- [http-nio-8080-exec-2] c.w.x.m.WxConfigMapper.selectNotice      : ==>  Preparing: select config_id, config_name, config_value, config_explain from wx_config where config_id = 5 
2020-09-24 10:04:44.432 DEBUG 13672 --- [http-nio-8080-exec-2] c.w.x.m.WxConfigMapper.selectNotice      : ==> Parameters: 
2020-09-24 10:04:44.495 DEBUG 13672 --- [http-nio-8080-exec-2] c.w.x.m.WxConfigMapper.selectNotice      : <==      Total: 1
2020-09-24 10:04:44.706 DEBUG 13672 --- [http-nio-8080-exec-1] c.w.x.m.WxBannerMapper.selectAllBanner   : ==>  Preparing: select id, imgurl, type, url, time from wx_banner 
2020-09-24 10:04:44.708 DEBUG 13672 --- [http-nio-8080-exec-1] c.w.x.m.WxBannerMapper.selectAllBanner   : ==> Parameters: 
2020-09-24 10:04:44.784 DEBUG 13672 --- [http-nio-8080-exec-1] c.w.x.m.WxBannerMapper.selectAllBanner   : <==      Total: 2
